----------------- Options ---------------
               batch_size: 4                             	[default: 2]
                    beta1: 0.5                           
          checkpoints_dir: ./checkpoints                 
           continue_train: False                         
                crop_size: 256                           
                 dataroot: /home/guest1/ellen_data/UKB_quality_data2_combined/input_20220623_512_n1000	[default: None]
             dataset_mode: unaligned                     
                direction: AtoB                          
              display_env: main                          
             display_freq: 400                           
               display_id: 1                             
            display_ncols: 4                             
             display_port: 8097                          
           display_server: http://localhost              
          display_winsize: 256                           
                    epoch: latest                        
              epoch_count: 1                             
                 gan_mode: lsgan                         
                  gpu_ids: 0,1,2,3                       	[default: 0]
                init_gain: 0.02                          
                init_type: normal                        
                 input_nc: 3                             
                  isTrain: True                          	[default: None]
                 lambda_A: 10.0                          
                 lambda_B: 10.0                          
          lambda_identity: 0.5                           
                load_iter: 0                             	[default: 0]
                load_size: 256                           	[default: 286]
                       lr: 0.0002                        
           lr_decay_iters: 50                            
                lr_policy: linear                        
         max_dataset_size: inf                           
                    model: cycle_gan                     
                 n_epochs: 100                           
           n_epochs_decay: 300                           
               n_layers_D: 3                             
                     name: ellen_dwt_uresnet2_3_512n1000_1118_2	[default: experiment_name]
                      ndf: 64                            
                     netD: basic                         
                     netG: ellen_dwt_uresnet2_3          	[default: resnet_9blocks]
                      ngf: 64                            
               no_dropout: True                          
                  no_flip: True                          	[default: False]
                  no_html: False                         
                     norm: instance                      
              num_threads: 2                             
                output_nc: 3                             
                 patience: 10                            	[default: 5]
                    phase: train                         
                pool_size: 50                            
               preprocess: resize_and_crop               
               print_freq: 100                           
             save_by_iter: False                         
          save_epoch_freq: 5                             
         save_latest_freq: 5000                          
           serial_batches: False                         
                   suffix:                               
         update_html_freq: 1000                          
                use_wandb: True                          	[default: False]
                  verbose: False                         
----------------- End -------------------
dataset [UnalignedDataset] was created
The number of training images = 600
dataset [UnalignedDataset] was created
patience: 10
========================================================================
num downs =  2  n_blocks= 9
----e1
-----resnet 0  번째
-----resnet 1  번째
-----resnet 2  번째
-----resnet 3  번째
-----resnet 4  번째
-----resnet 5  번째
-----resnet 6  번째
-----resnet 7  번째
-----resnet 8  번째
>> in, out:  128.0 ,  256
----- e1+unet+resent+uent+
----- e1+unet+resent+uent+d1
[ReflectionPad2d((3, 3, 3, 3)), Conv2d(3, 64, kernel_size=(7, 7), stride=(1, 1)), InstanceNorm2d(64, eps=1e-05, momentum=0.1, affine=False, track_running_stats=False), ReLU(inplace=True), UnetSkipConnectionBlock(
  (model): Sequential(
    (0): Conv2d(64, 128, kernel_size=(4, 4), stride=(2, 2), padding=(1, 1))
    (1): UnetSkipConnectionBlock(
      (model): Sequential(
        (0): LeakyReLU(negative_slope=0.2, inplace=True)
        (1): Conv2d(128, 256, kernel_size=(4, 4), stride=(2, 2), padding=(1, 1))
        (2): InstanceNorm2d(256, eps=1e-05, momentum=0.1, affine=False, track_running_stats=False)
        (3): UnetSkipConnectionBlock(
          (model): Sequential(
            (0): LeakyReLU(negative_slope=0.2, inplace=True)
            (1): Conv2d(256, 256, kernel_size=(4, 4), stride=(2, 2), padding=(1, 1))
            (2): ReLU(inplace=True)
            (3): ConvTranspose2d(256, 256, kernel_size=(4, 4), stride=(2, 2), padding=(1, 1))
            (4): InstanceNorm2d(256, eps=1e-05, momentum=0.1, affine=False, track_running_stats=False)
          )
        )
        (4): ReLU(inplace=True)
        (5): ConvTranspose2d(512, 128, kernel_size=(4, 4), stride=(2, 2), padding=(1, 1))
        (6): InstanceNorm2d(128, eps=1e-05, momentum=0.1, affine=False, track_running_stats=False)
      )
    )
    (2): ReLU(inplace=True)
    (3): ConvTranspose2d(256, 64, kernel_size=(4, 4), stride=(2, 2), padding=(1, 1))
    (4): Tanh()
  )
), ReflectionPad2d((3, 3, 3, 3)), Conv2d(64, 3, kernel_size=(7, 7), stride=(1, 1)), Tanh()]
initialize network with normal
========================================================================
num downs =  2  n_blocks= 9
----e1
-----resnet 0  번째
-----resnet 1  번째
-----resnet 2  번째
-----resnet 3  번째
-----resnet 4  번째
-----resnet 5  번째
-----resnet 6  번째
-----resnet 7  번째
-----resnet 8  번째
>> in, out:  128.0 ,  256
----- e1+unet+resent+uent+
----- e1+unet+resent+uent+d1
[ReflectionPad2d((3, 3, 3, 3)), Conv2d(3, 64, kernel_size=(7, 7), stride=(1, 1)), InstanceNorm2d(64, eps=1e-05, momentum=0.1, affine=False, track_running_stats=False), ReLU(inplace=True), UnetSkipConnectionBlock(
  (model): Sequential(
    (0): Conv2d(64, 128, kernel_size=(4, 4), stride=(2, 2), padding=(1, 1))
    (1): UnetSkipConnectionBlock(
      (model): Sequential(
        (0): LeakyReLU(negative_slope=0.2, inplace=True)
        (1): Conv2d(128, 256, kernel_size=(4, 4), stride=(2, 2), padding=(1, 1))
        (2): InstanceNorm2d(256, eps=1e-05, momentum=0.1, affine=False, track_running_stats=False)
        (3): UnetSkipConnectionBlock(
          (model): Sequential(
            (0): LeakyReLU(negative_slope=0.2, inplace=True)
            (1): Conv2d(256, 256, kernel_size=(4, 4), stride=(2, 2), padding=(1, 1))
            (2): ReLU(inplace=True)
            (3): ConvTranspose2d(256, 256, kernel_size=(4, 4), stride=(2, 2), padding=(1, 1))
            (4): InstanceNorm2d(256, eps=1e-05, momentum=0.1, affine=False, track_running_stats=False)
          )
        )
        (4): ReLU(inplace=True)
        (5): ConvTranspose2d(512, 128, kernel_size=(4, 4), stride=(2, 2), padding=(1, 1))
        (6): InstanceNorm2d(128, eps=1e-05, momentum=0.1, affine=False, track_running_stats=False)
      )
    )
    (2): ReLU(inplace=True)
    (3): ConvTranspose2d(256, 64, kernel_size=(4, 4), stride=(2, 2), padding=(1, 1))
    (4): Tanh()
  )
), ReflectionPad2d((3, 3, 3, 3)), Conv2d(64, 3, kernel_size=(7, 7), stride=(1, 1)), Tanh()]
initialize network with normal
initialize network with normal
initialize network with normal
model [CycleGANModel] was created
---------- Networks initialized -------------
[Network G_A] Total number of parameters : 5.410 M
[Network G_B] Total number of parameters : 5.410 M
[Network D_A] Total number of parameters : 2.765 M
[Network D_B] Total number of parameters : 2.765 M
-----------------------------------------------/home/guest1/.conda/envs/ellen/lib/python3.7/site-packages/torchvision/transforms/transforms.py:288: UserWarning: Argument interpolation should be of type InterpolationMode instead of int. Please, use InterpolationMode enum.
  "Argument interpolation should be of type InterpolationMode instead of int. "
Setting up a new session...
wandb: Currently logged in as: z-eun (use `wandb login --relogin` to force relogin)

wandb: wandb version 0.13.5 is available!  To upgrade, please run:
wandb:  $ pip install wandb --upgrade
wandb: Tracking run with wandb version 0.12.9
wandb: Syncing run ellen_dwt_uresnet2_3_512n1000_1118_2
wandb: ⭐️ View project at https://wandb.ai/z-eun/CycleGAN-and-pix2pix
wandb: 🚀 View run at https://wandb.ai/z-eun/CycleGAN-and-pix2pix/runs/3ikwx8v6
wandb: Run data is saved locally in /home/guest1/ellen_code/pytorch-CycleGAN-and-pix2pix_ellen/wandb/run-20221118_194613-3ikwx8v6
wandb: Run `wandb offline` to turn off syncing.
/home/guest1/.conda/envs/ellen/lib/python3.7/site-packages/torch/optim/lr_scheduler.py:134: UserWarning: Detected call of `lr_scheduler.step()` before `optimizer.step()`. In PyTorch 1.1.0 and later, you should call them in the opposite order: `optimizer.step()` before `lr_scheduler.step()`.  Failure to do this will result in PyTorch skipping the first value of the learning rate schedule. See more details at https://pytorch.org/docs/stable/optim.html#how-to-adjust-learning-rate
  "https://pytorch.org/docs/stable/optim.html#how-to-adjust-learning-rate", UserWarning)

create web directory ./checkpoints/ellen_dwt_uresnet2_3_512n1000_1118_2/web...
learning rate 0.0002000 -> 0.0002000
/home/guest1/.conda/envs/ellen/lib/python3.7/site-packages/torch/nn/functional.py:3635: UserWarning: Default upsampling behavior when mode=bilinear is changed to align_corners=False since 0.4.0. Please specify align_corners=True if the old behavior is desired. See the documentation of nn.Upsample for details.
  "See the documentation of nn.Upsample for details.".format(mode)
(epoch: 1, iters: 100, time: 0.375, data: 0.129) D_A: 0.629 G_A: 0.991 cycle_A: 7.655 idt_A: 1.641 D_B: 0.368 G_B: 0.251 cycle_B: 1.660 idt_B: 1.959 
(epoch: 1, iters: 200, time: 0.364, data: 0.002) D_A: 0.254 G_A: 0.434 cycle_A: 3.616 idt_A: 1.248 D_B: 0.191 G_B: 0.480 cycle_B: 1.275 idt_B: 0.900 
(epoch: 1, iters: 300, time: 0.336, data: 0.002) D_A: 0.252 G_A: 0.231 cycle_A: 2.702 idt_A: 1.444 D_B: 0.211 G_B: 0.440 cycle_B: 1.695 idt_B: 0.675 
(epoch: 1, iters: 400, time: 0.801, data: 0.003) D_A: 0.174 G_A: 0.417 cycle_A: 5.009 idt_A: 0.973 D_B: 0.203 G_B: 0.440 cycle_B: 0.921 idt_B: 1.222 
(epoch: 1, iters: 500, time: 0.370, data: 0.002) D_A: 0.230 G_A: 0.447 cycle_A: 3.439 idt_A: 1.158 D_B: 0.269 G_B: 0.379 cycle_B: 1.205 idt_B: 0.633 
(epoch: 1, iters: 600, time: 0.369, data: 0.002) D_A: 0.206 G_A: 0.370 cycle_A: 2.625 idt_A: 1.154 D_B: 0.192 G_B: 0.325 cycle_B: 1.155 idt_B: 0.595 
End of epoch 1 / 400 	 Time Taken: 229 sec
learning rate 0.0002000 -> 0.0002000
(epoch: 2, iters: 100, time: 0.335, data: 0.184) D_A: 0.179 G_A: 0.383 cycle_A: 2.795 idt_A: 0.923 D_B: 0.212 G_B: 0.244 cycle_B: 1.007 idt_B: 0.635 
(epoch: 2, iters: 200, time: 0.740, data: 0.002) D_A: 0.180 G_A: 0.604 cycle_A: 3.268 idt_A: 1.461 D_B: 0.203 G_B: 0.287 cycle_B: 1.322 idt_B: 0.796 
(epoch: 2, iters: 300, time: 0.359, data: 0.002) D_A: 0.238 G_A: 0.505 cycle_A: 1.941 idt_A: 0.724 D_B: 0.219 G_B: 0.420 cycle_B: 1.118 idt_B: 0.348 
(epoch: 2, iters: 400, time: 0.354, data: 0.003) D_A: 0.223 G_A: 0.480 cycle_A: 3.254 idt_A: 0.738 D_B: 0.234 G_B: 0.180 cycle_B: 1.272 idt_B: 0.849 
(epoch: 2, iters: 500, time: 0.344, data: 0.002) D_A: 0.171 G_A: 0.548 cycle_A: 1.910 idt_A: 1.118 D_B: 0.138 G_B: 0.499 cycle_B: 1.460 idt_B: 0.421 
(epoch: 2, iters: 600, time: 0.529, data: 0.003) D_A: 0.215 G_A: 0.404 cycle_A: 1.554 idt_A: 1.151 D_B: 0.207 G_B: 0.406 cycle_B: 1.246 idt_B: 0.342 
End of epoch 2 / 400 	 Time Taken: 212 sec
learning rate 0.0002000 -> 0.0002000
(epoch: 3, iters: 100, time: 0.398, data: 0.178) D_A: 0.254 G_A: 0.535 cycle_A: 1.438 idt_A: 0.473 D_B: 0.285 G_B: 0.428 cycle_B: 0.638 idt_B: 0.322 
(epoch: 3, iters: 200, time: 0.386, data: 0.002) D_A: 0.301 G_A: 0.475 cycle_A: 2.978 idt_A: 0.739 D_B: 0.179 G_B: 0.265 cycle_B: 1.075 idt_B: 0.753 
(epoch: 3, iters: 300, time: 0.354, data: 0.002) D_A: 0.203 G_A: 0.415 cycle_A: 2.142 idt_A: 0.740 D_B: 0.198 G_B: 0.303 cycle_B: 0.945 idt_B: 0.433 
(epoch: 3, iters: 400, time: 0.790, data: 0.002) D_A: 0.204 G_A: 0.316 cycle_A: 1.979 idt_A: 0.786 D_B: 0.179 G_B: 0.577 cycle_B: 0.914 idt_B: 0.310 
(epoch: 3, iters: 500, time: 0.343, data: 0.002) D_A: 0.239 G_A: 0.301 cycle_A: 3.835 idt_A: 0.929 D_B: 0.180 G_B: 0.465 cycle_B: 1.197 idt_B: 1.077 
(epoch: 3, iters: 600, time: 0.338, data: 0.003) D_A: 0.212 G_A: 0.537 cycle_A: 1.825 idt_A: 0.767 D_B: 0.154 G_B: 0.448 cycle_B: 1.053 idt_B: 0.390 
End of epoch 3 / 400 	 Time Taken: 226 sec
learning rate 0.0002000 -> 0.0002000
(epoch: 4, iters: 100, time: 0.354, data: 0.167) D_A: 0.262 G_A: 0.650 cycle_A: 1.476 idt_A: 0.849 D_B: 0.175 G_B: 0.331 cycle_B: 1.008 idt_B: 0.358 
(epoch: 4, iters: 200, time: 0.784, data: 0.002) D_A: 0.165 G_A: 0.309 cycle_A: 2.313 idt_A: 0.524 D_B: 0.226 G_B: 0.274 cycle_B: 0.830 idt_B: 0.489 
(epoch: 4, iters: 300, time: 0.376, data: 0.002) D_A: 0.203 G_A: 0.577 cycle_A: 2.028 idt_A: 0.592 D_B: 0.149 G_B: 0.541 cycle_B: 0.862 idt_B: 0.300 
(epoch: 4, iters: 400, time: 0.378, data: 0.002) D_A: 0.221 G_A: 0.341 cycle_A: 3.178 idt_A: 0.553 D_B: 0.189 G_B: 0.513 cycle_B: 0.686 idt_B: 0.665 
(epoch: 4, iters: 500, time: 0.330, data: 0.002) D_A: 0.146 G_A: 0.434 cycle_A: 1.211 idt_A: 0.630 D_B: 0.182 G_B: 0.375 cycle_B: 1.021 idt_B: 0.261 
(epoch: 4, iters: 600, time: 0.545, data: 0.003) D_A: 0.159 G_A: 0.387 cycle_A: 1.083 idt_A: 0.717 D_B: 0.227 G_B: 0.452 cycle_B: 0.929 idt_B: 0.262 
End of epoch 4 / 400 	 Time Taken: 227 sec
learning rate 0.0002000 -> 0.0002000
(epoch: 5, iters: 100, time: 0.381, data: 0.177) D_A: 0.240 G_A: 0.287 cycle_A: 3.305 idt_A: 0.680 D_B: 0.311 G_B: 0.729 cycle_B: 1.623 idt_B: 0.546 
(epoch: 5, iters: 200, time: 0.388, data: 0.002) D_A: 0.251 G_A: 0.283 cycle_A: 1.799 idt_A: 0.496 D_B: 0.312 G_B: 0.302 cycle_B: 0.791 idt_B: 0.276 
(epoch: 5, iters: 300, time: 0.337, data: 0.002) D_A: 0.320 G_A: 0.980 cycle_A: 1.949 idt_A: 0.782 D_B: 0.150 G_B: 0.353 cycle_B: 0.881 idt_B: 0.352 
(epoch: 5, iters: 400, time: 0.770, data: 0.002) D_A: 0.220 G_A: 0.187 cycle_A: 1.590 idt_A: 0.689 D_B: 0.193 G_B: 0.403 cycle_B: 0.915 idt_B: 0.314 
(epoch: 5, iters: 500, time: 0.389, data: 0.002) D_A: 0.241 G_A: 0.481 cycle_A: 2.267 idt_A: 0.462 D_B: 0.158 G_B: 0.422 cycle_B: 0.737 idt_B: 0.468 
(epoch: 5, iters: 600, time: 0.373, data: 0.001) D_A: 0.168 G_A: 0.425 cycle_A: 2.039 idt_A: 0.646 D_B: 0.205 G_B: 0.644 cycle_B: 1.309 idt_B: 0.362 
saving the model at the end of epoch 5, iters 3000
End of epoch 5 / 400 	 Time Taken: 223 sec
learning rate 0.0002000 -> 0.0002000
(epoch: 6, iters: 100, time: 0.378, data: 0.181) D_A: 0.402 G_A: 0.718 cycle_A: 1.490 idt_A: 0.625 D_B: 0.169 G_B: 0.428 cycle_B: 0.663 idt_B: 0.327 
(epoch: 6, iters: 200, time: 0.811, data: 0.002) D_A: 0.150 G_A: 0.532 cycle_A: 1.743 idt_A: 0.694 D_B: 0.238 G_B: 0.635 cycle_B: 0.909 idt_B: 0.359 
(epoch: 6, iters: 300, time: 0.377, data: 0.002) D_A: 0.264 G_A: 0.428 cycle_A: 2.842 idt_A: 0.566 D_B: 0.258 G_B: 0.716 cycle_B: 1.100 idt_B: 0.400 
(epoch: 6, iters: 400, time: 0.380, data: 0.002) D_A: 0.219 G_A: 0.460 cycle_A: 1.533 idt_A: 0.522 D_B: 0.288 G_B: 0.717 cycle_B: 0.759 idt_B: 0.297 
(epoch: 6, iters: 500, time: 0.355, data: 0.002) D_A: 0.165 G_A: 0.578 cycle_A: 1.271 idt_A: 0.874 D_B: 0.194 G_B: 0.296 cycle_B: 1.027 idt_B: 0.278 
(epoch: 6, iters: 600, time: 0.545, data: 0.002) D_A: 0.241 G_A: 0.449 cycle_A: 1.581 idt_A: 0.465 D_B: 0.157 G_B: 0.393 cycle_B: 0.902 idt_B: 0.286 
End of epoch 6 / 400 	 Time Taken: 228 sec
learning rate 0.0002000 -> 0.0002000
(epoch: 7, iters: 100, time: 0.372, data: 0.181) D_A: 0.197 G_A: 0.343 cycle_A: 1.210 idt_A: 0.497 D_B: 0.218 G_B: 0.375 cycle_B: 0.681 idt_B: 0.241 
(epoch: 7, iters: 200, time: 0.391, data: 0.002) D_A: 0.236 G_A: 0.747 cycle_A: 1.177 idt_A: 0.441 D_B: 0.243 G_B: 0.654 cycle_B: 0.608 idt_B: 0.198 
(epoch: 7, iters: 300, time: 0.364, data: 0.002) D_A: 0.157 G_A: 0.381 cycle_A: 2.412 idt_A: 0.655 D_B: 0.248 G_B: 0.722 cycle_B: 1.059 idt_B: 0.363 
(epoch: 7, iters: 400, time: 0.793, data: 0.002) D_A: 0.209 G_A: 0.363 cycle_A: 1.433 idt_A: 0.605 D_B: 0.223 G_B: 0.654 cycle_B: 0.912 idt_B: 0.247 
(epoch: 7, iters: 500, time: 0.357, data: 0.002) D_A: 0.194 G_A: 0.367 cycle_A: 2.602 idt_A: 0.561 D_B: 0.255 G_B: 0.276 cycle_B: 0.951 idt_B: 0.366 
(epoch: 7, iters: 600, time: 0.349, data: 0.003) D_A: 0.168 G_A: 0.251 cycle_A: 2.095 idt_A: 1.216 D_B: 0.189 G_B: 0.638 cycle_B: 1.238 idt_B: 0.388 
End of epoch 7 / 400 	 Time Taken: 226 sec
learning rate 0.0002000 -> 0.0002000
(epoch: 8, iters: 100, time: 0.350, data: 0.190) D_A: 0.175 G_A: 0.463 cycle_A: 1.537 idt_A: 0.482 D_B: 0.176 G_B: 0.415 cycle_B: 0.802 idt_B: 0.389 
(epoch: 8, iters: 200, time: 0.793, data: 0.002) D_A: 0.200 G_A: 0.581 cycle_A: 2.313 idt_A: 0.715 D_B: 0.176 G_B: 0.437 cycle_B: 1.353 idt_B: 0.461 
(epoch: 8, iters: 300, time: 0.393, data: 0.002) D_A: 0.258 G_A: 0.267 cycle_A: 1.307 idt_A: 0.448 D_B: 0.199 G_B: 0.497 cycle_B: 0.684 idt_B: 0.307 
(epoch: 8, iters: 400, time: 0.392, data: 0.002) D_A: 0.235 G_A: 0.727 cycle_A: 0.972 idt_A: 0.477 D_B: 0.258 G_B: 0.261 cycle_B: 0.594 idt_B: 0.216 
(epoch: 8, iters: 500, time: 0.359, data: 0.002) D_A: 0.180 G_A: 0.444 cycle_A: 2.073 idt_A: 0.544 D_B: 0.154 G_B: 0.405 cycle_B: 0.668 idt_B: 0.407 
(epoch: 8, iters: 600, time: 0.527, data: 0.002) D_A: 0.141 G_A: 0.527 cycle_A: 2.423 idt_A: 0.798 D_B: 0.229 G_B: 0.309 cycle_B: 1.188 idt_B: 0.404 
End of epoch 8 / 400 	 Time Taken: 227 sec
learning rate 0.0002000 -> 0.0002000
(epoch: 9, iters: 100, time: 0.380, data: 0.184) D_A: 0.208 G_A: 0.404 cycle_A: 1.190 idt_A: 0.556 D_B: 0.244 G_B: 0.169 cycle_B: 0.769 idt_B: 0.288 
(epoch: 9, iters: 200, time: 0.364, data: 0.002) D_A: 0.215 G_A: 0.266 cycle_A: 1.096 idt_A: 0.562 D_B: 0.207 G_B: 0.417 cycle_B: 0.767 idt_B: 0.260 
(epoch: 9, iters: 300, time: 0.352, data: 0.002) D_A: 0.214 G_A: 0.444 cycle_A: 1.437 idt_A: 0.491 D_B: 0.200 G_B: 0.384 cycle_B: 0.569 idt_B: 0.276 
(epoch: 9, iters: 400, time: 0.759, data: 0.003) D_A: 0.212 G_A: 0.231 cycle_A: 1.515 idt_A: 0.476 D_B: 0.184 G_B: 0.314 cycle_B: 0.617 idt_B: 0.382 
(epoch: 9, iters: 500, time: 0.354, data: 0.002) D_A: 0.176 G_A: 0.349 cycle_A: 0.974 idt_A: 0.403 D_B: 0.334 G_B: 0.552 cycle_B: 0.607 idt_B: 0.169 
(epoch: 9, iters: 600, time: 0.343, data: 0.003) D_A: 0.239 G_A: 0.337 cycle_A: 1.288 idt_A: 0.422 D_B: 0.231 G_B: 0.327 cycle_B: 0.502 idt_B: 0.322 
End of epoch 9 / 400 	 Time Taken: 221 sec
learning rate 0.0002000 -> 0.0002000
(epoch: 10, iters: 100, time: 0.338, data: 0.187) D_A: 0.221 G_A: 0.216 cycle_A: 1.758 idt_A: 0.599 D_B: 0.210 G_B: 0.258 cycle_B: 1.080 idt_B: 0.340 
(epoch: 10, iters: 200, time: 0.788, data: 0.003) D_A: 0.136 G_A: 0.400 cycle_A: 1.459 idt_A: 0.487 D_B: 0.152 G_B: 0.506 cycle_B: 0.592 idt_B: 0.309 
(epoch: 10, iters: 300, time: 0.361, data: 0.002) D_A: 0.181 G_A: 0.383 cycle_A: 2.233 idt_A: 0.381 D_B: 0.215 G_B: 0.401 cycle_B: 0.625 idt_B: 0.417 
(epoch: 10, iters: 400, time: 0.385, data: 0.002) D_A: 0.173 G_A: 0.243 cycle_A: 0.919 idt_A: 0.451 D_B: 0.259 G_B: 0.603 cycle_B: 0.610 idt_B: 0.219 
(epoch: 10, iters: 500, time: 0.348, data: 0.002) D_A: 0.133 G_A: 0.371 cycle_A: 2.307 idt_A: 0.428 D_B: 0.276 G_B: 0.352 cycle_B: 0.644 idt_B: 0.461 
(epoch: 10, iters: 600, time: 0.600, data: 0.002) D_A: 0.217 G_A: 0.184 cycle_A: 1.258 idt_A: 0.426 D_B: 0.273 G_B: 0.531 cycle_B: 0.717 idt_B: 0.231 
saving the model at the end of epoch 10, iters 6000
End of epoch 10 / 400 	 Time Taken: 222 sec
learning rate 0.0002000 -> 0.0002000
(epoch: 11, iters: 100, time: 0.374, data: 0.175) D_A: 0.182 G_A: 0.538 cycle_A: 1.387 idt_A: 0.514 D_B: 0.218 G_B: 0.367 cycle_B: 0.953 idt_B: 0.280 
(epoch: 11, iters: 200, time: 0.384, data: 0.002) D_A: 0.194 G_A: 0.253 cycle_A: 1.210 idt_A: 0.386 D_B: 0.182 G_B: 0.231 cycle_B: 0.611 idt_B: 0.251 
(epoch: 11, iters: 300, time: 0.348, data: 0.002) D_A: 0.285 G_A: 0.153 cycle_A: 0.804 idt_A: 0.451 D_B: 0.278 G_B: 0.512 cycle_B: 0.561 idt_B: 0.152 
(epoch: 11, iters: 400, time: 0.765, data: 0.002) D_A: 0.220 G_A: 0.328 cycle_A: 1.140 idt_A: 0.421 D_B: 0.259 G_B: 0.205 cycle_B: 0.613 idt_B: 0.260 
(epoch: 11, iters: 500, time: 0.340, data: 0.001) D_A: 0.241 G_A: 0.333 cycle_A: 2.261 idt_A: 0.569 D_B: 0.209 G_B: 0.871 cycle_B: 0.721 idt_B: 0.425 
(epoch: 11, iters: 600, time: 0.350, data: 0.003) D_A: 0.168 G_A: 0.328 cycle_A: 1.108 idt_A: 0.483 D_B: 0.308 G_B: 0.168 cycle_B: 0.692 idt_B: 0.224 
End of epoch 11 / 400 	 Time Taken: 221 sec
learning rate 0.0002000 -> 0.0002000
(epoch: 12, iters: 100, time: 0.346, data: 0.181) D_A: 0.269 G_A: 0.140 cycle_A: 1.254 idt_A: 0.678 D_B: 0.284 G_B: 0.292 cycle_B: 0.857 idt_B: 0.238 
(epoch: 12, iters: 200, time: 0.773, data: 0.003) D_A: 0.224 G_A: 0.157 cycle_A: 1.066 idt_A: 0.347 D_B: 0.173 G_B: 0.644 cycle_B: 0.554 idt_B: 0.309 
(epoch: 12, iters: 300, time: 0.393, data: 0.002) D_A: 0.149 G_A: 0.460 cycle_A: 1.730 idt_A: 0.528 D_B: 0.199 G_B: 0.451 cycle_B: 0.664 idt_B: 0.358 
(epoch: 12, iters: 400, time: 0.381, data: 0.002) D_A: 0.217 G_A: 0.185 cycle_A: 1.581 idt_A: 0.604 D_B: 0.179 G_B: 0.436 cycle_B: 0.829 idt_B: 0.259 
(epoch: 12, iters: 500, time: 0.386, data: 0.002) D_A: 0.247 G_A: 0.523 cycle_A: 0.893 idt_A: 0.362 D_B: 0.245 G_B: 0.247 cycle_B: 0.502 idt_B: 0.178 
(epoch: 12, iters: 600, time: 0.523, data: 0.002) D_A: 0.193 G_A: 0.616 cycle_A: 1.126 idt_A: 0.412 D_B: 0.195 G_B: 0.256 cycle_B: 0.576 idt_B: 0.226 
End of epoch 12 / 400 	 Time Taken: 226 sec
learning rate 0.0002000 -> 0.0002000
(epoch: 13, iters: 100, time: 0.372, data: 0.189) D_A: 0.208 G_A: 0.631 cycle_A: 1.555 idt_A: 0.372 D_B: 0.205 G_B: 0.464 cycle_B: 0.519 idt_B: 0.233 
(epoch: 13, iters: 200, time: 0.390, data: 0.002) D_A: 0.181 G_A: 0.399 cycle_A: 1.097 idt_A: 0.292 D_B: 0.231 G_B: 0.523 cycle_B: 0.506 idt_B: 0.220 
(epoch: 13, iters: 300, time: 0.338, data: 0.002) D_A: 0.182 G_A: 0.437 cycle_A: 0.788 idt_A: 0.316 D_B: 0.205 G_B: 0.427 cycle_B: 0.467 idt_B: 0.189 
(epoch: 13, iters: 400, time: 0.777, data: 0.003) D_A: 0.162 G_A: 0.334 cycle_A: 1.147 idt_A: 0.524 D_B: 0.284 G_B: 0.291 cycle_B: 0.641 idt_B: 0.220 
(epoch: 13, iters: 500, time: 0.337, data: 0.002) D_A: 0.199 G_A: 0.357 cycle_A: 1.118 idt_A: 0.412 D_B: 0.172 G_B: 0.424 cycle_B: 0.491 idt_B: 0.266 
(epoch: 13, iters: 600, time: 0.333, data: 0.003) D_A: 0.132 G_A: 0.491 cycle_A: 1.608 idt_A: 0.371 D_B: 0.189 G_B: 0.255 cycle_B: 0.633 idt_B: 0.397 
End of epoch 13 / 400 	 Time Taken: 219 sec
learning rate 0.0002000 -> 0.0002000
(epoch: 14, iters: 100, time: 0.346, data: 0.201) D_A: 0.157 G_A: 0.551 cycle_A: 1.272 idt_A: 0.387 D_B: 0.166 G_B: 0.581 cycle_B: 0.531 idt_B: 0.235 
(epoch: 14, iters: 200, time: 0.789, data: 0.002) D_A: 0.233 G_A: 0.660 cycle_A: 1.719 idt_A: 0.460 D_B: 0.203 G_B: 0.465 cycle_B: 0.633 idt_B: 0.284 
(epoch: 14, iters: 300, time: 0.378, data: 0.002) D_A: 0.176 G_A: 0.245 cycle_A: 1.408 idt_A: 0.350 D_B: 0.165 G_B: 0.294 cycle_B: 0.756 idt_B: 0.220 
(epoch: 14, iters: 400, time: 0.375, data: 0.002) D_A: 0.113 G_A: 0.463 cycle_A: 1.195 idt_A: 0.377 D_B: 0.233 G_B: 0.218 cycle_B: 0.594 idt_B: 0.280 
(epoch: 14, iters: 500, time: 0.350, data: 0.002) D_A: 0.217 G_A: 0.284 cycle_A: 1.264 idt_A: 0.356 D_B: 0.265 G_B: 0.308 cycle_B: 0.728 idt_B: 0.270 
(epoch: 14, iters: 600, time: 0.540, data: 0.002) D_A: 0.184 G_A: 0.340 cycle_A: 1.301 idt_A: 0.450 D_B: 0.165 G_B: 0.679 cycle_B: 0.712 idt_B: 0.263 
End of epoch 14 / 400 	 Time Taken: 226 sec
learning rate 0.0002000 -> 0.0002000
(epoch: 15, iters: 100, time: 0.386, data: 0.182) D_A: 0.194 G_A: 0.260 cycle_A: 1.006 idt_A: 0.374 D_B: 0.186 G_B: 0.283 cycle_B: 0.627 idt_B: 0.260 
(epoch: 15, iters: 200, time: 0.382, data: 0.002) D_A: 0.126 G_A: 0.400 cycle_A: 1.112 idt_A: 0.607 D_B: 0.181 G_B: 0.237 cycle_B: 0.771 idt_B: 0.187 
(epoch: 15, iters: 300, time: 0.348, data: 0.002) D_A: 0.231 G_A: 0.522 cycle_A: 0.986 idt_A: 0.334 D_B: 0.186 G_B: 0.308 cycle_B: 0.445 idt_B: 0.243 
(epoch: 15, iters: 400, time: 0.818, data: 0.002) D_A: 0.217 G_A: 0.203 cycle_A: 1.152 idt_A: 0.419 D_B: 0.169 G_B: 0.368 cycle_B: 0.574 idt_B: 0.233 
(epoch: 15, iters: 500, time: 0.358, data: 0.002) D_A: 0.170 G_A: 0.444 cycle_A: 1.157 idt_A: 0.406 D_B: 0.145 G_B: 0.421 cycle_B: 0.497 idt_B: 0.239 
(epoch: 15, iters: 600, time: 0.403, data: 0.003) D_A: 0.150 G_A: 0.318 cycle_A: 1.117 idt_A: 0.341 D_B: 0.268 G_B: 0.224 cycle_B: 0.641 idt_B: 0.232 
saving the model at the end of epoch 15, iters 9000
End of epoch 15 / 400 	 Time Taken: 227 sec
learning rate 0.0002000 -> 0.0002000
(epoch: 16, iters: 100, time: 0.345, data: 0.185) D_A: 0.203 G_A: 0.421 cycle_A: 1.098 idt_A: 0.309 D_B: 0.233 G_B: 0.156 cycle_B: 0.533 idt_B: 0.225 
(epoch: 16, iters: 200, time: 0.790, data: 0.003) D_A: 0.143 G_A: 0.396 cycle_A: 1.089 idt_A: 0.429 D_B: 0.222 G_B: 0.216 cycle_B: 0.773 idt_B: 0.255 
(epoch: 16, iters: 300, time: 0.392, data: 0.002) D_A: 0.196 G_A: 0.275 cycle_A: 0.864 idt_A: 0.426 D_B: 0.297 G_B: 0.503 cycle_B: 0.550 idt_B: 0.189 
(epoch: 16, iters: 400, time: 0.384, data: 0.003) D_A: 0.253 G_A: 0.460 cycle_A: 1.122 idt_A: 0.438 D_B: 0.204 G_B: 0.716 cycle_B: 0.713 idt_B: 0.233 
(epoch: 16, iters: 500, time: 0.351, data: 0.002) D_A: 0.250 G_A: 0.224 cycle_A: 2.272 idt_A: 0.521 D_B: 0.298 G_B: 0.110 cycle_B: 0.916 idt_B: 0.313 
(epoch: 16, iters: 600, time: 0.536, data: 0.002) D_A: 0.224 G_A: 0.285 cycle_A: 0.996 idt_A: 0.323 D_B: 0.209 G_B: 0.376 cycle_B: 0.390 idt_B: 0.205 
End of epoch 16 / 400 	 Time Taken: 223 sec
learning rate 0.0002000 -> 0.0002000
(epoch: 17, iters: 100, time: 0.378, data: 0.176) D_A: 0.184 G_A: 0.562 cycle_A: 0.848 idt_A: 0.477 D_B: 0.281 G_B: 0.768 cycle_B: 0.628 idt_B: 0.179 
(epoch: 17, iters: 200, time: 0.378, data: 0.002) D_A: 0.179 G_A: 0.426 cycle_A: 1.388 idt_A: 0.343 D_B: 0.189 G_B: 0.498 cycle_B: 0.495 idt_B: 0.290 
(epoch: 17, iters: 300, time: 0.336, data: 0.002) D_A: 0.234 G_A: 0.185 cycle_A: 1.276 idt_A: 0.621 D_B: 0.156 G_B: 0.368 cycle_B: 0.721 idt_B: 0.192 
(epoch: 17, iters: 400, time: 0.802, data: 0.002) D_A: 0.187 G_A: 0.391 cycle_A: 0.821 idt_A: 0.555 D_B: 0.227 G_B: 0.614 cycle_B: 0.883 idt_B: 0.167 
(epoch: 17, iters: 500, time: 0.342, data: 0.002) D_A: 0.209 G_A: 0.345 cycle_A: 1.348 idt_A: 0.480 D_B: 0.221 G_B: 0.329 cycle_B: 0.508 idt_B: 0.178 
(epoch: 17, iters: 600, time: 0.367, data: 0.002) D_A: 0.167 G_A: 0.469 cycle_A: 1.189 idt_A: 0.362 D_B: 0.138 G_B: 0.367 cycle_B: 0.578 idt_B: 0.214 
End of epoch 17 / 400 	 Time Taken: 221 sec
learning rate 0.0002000 -> 0.0002000
(epoch: 18, iters: 100, time: 0.338, data: 0.196) D_A: 0.342 G_A: 0.270 cycle_A: 1.590 idt_A: 0.319 D_B: 0.181 G_B: 0.307 cycle_B: 0.577 idt_B: 0.263 
(epoch: 18, iters: 200, time: 0.823, data: 0.002) D_A: 0.209 G_A: 0.457 cycle_A: 1.042 idt_A: 0.390 D_B: 0.153 G_B: 0.377 cycle_B: 0.445 idt_B: 0.237 
(epoch: 18, iters: 300, time: 0.391, data: 0.002) D_A: 0.146 G_A: 0.369 cycle_A: 0.806 idt_A: 0.402 D_B: 0.201 G_B: 0.371 cycle_B: 0.566 idt_B: 0.192 
(epoch: 18, iters: 400, time: 0.364, data: 0.002) D_A: 0.113 G_A: 0.539 cycle_A: 0.817 idt_A: 0.308 D_B: 0.170 G_B: 0.420 cycle_B: 0.437 idt_B: 0.182 
(epoch: 18, iters: 500, time: 0.406, data: 0.002) D_A: 0.109 G_A: 0.342 cycle_A: 1.350 idt_A: 0.379 D_B: 0.192 G_B: 0.576 cycle_B: 0.484 idt_B: 0.282 
(epoch: 18, iters: 600, time: 0.553, data: 0.002) D_A: 0.317 G_A: 0.101 cycle_A: 0.906 idt_A: 0.502 D_B: 0.204 G_B: 0.206 cycle_B: 0.669 idt_B: 0.184 
End of epoch 18 / 400 	 Time Taken: 227 sec
learning rate 0.0002000 -> 0.0002000
(epoch: 19, iters: 100, time: 0.378, data: 0.179) D_A: 0.144 G_A: 0.430 cycle_A: 1.587 idt_A: 0.283 D_B: 0.148 G_B: 0.489 cycle_B: 0.409 idt_B: 0.376 
(epoch: 19, iters: 200, time: 0.384, data: 0.002) D_A: 0.170 G_A: 0.406 cycle_A: 1.261 idt_A: 0.371 D_B: 0.164 G_B: 0.269 cycle_B: 0.426 idt_B: 0.267 
(epoch: 19, iters: 300, time: 0.351, data: 0.002) D_A: 0.149 G_A: 0.389 cycle_A: 1.385 idt_A: 0.558 D_B: 0.160 G_B: 0.342 cycle_B: 0.560 idt_B: 0.215 
(epoch: 19, iters: 400, time: 0.816, data: 0.003) D_A: 0.187 G_A: 0.427 cycle_A: 1.052 idt_A: 0.469 D_B: 0.279 G_B: 0.133 cycle_B: 0.667 idt_B: 0.191 
(epoch: 19, iters: 500, time: 0.344, data: 0.002) D_A: 0.196 G_A: 0.501 cycle_A: 1.234 idt_A: 0.262 D_B: 0.224 G_B: 0.799 cycle_B: 0.400 idt_B: 0.324 
(epoch: 19, iters: 600, time: 0.350, data: 0.002) D_A: 0.210 G_A: 0.555 cycle_A: 1.329 idt_A: 0.313 D_B: 0.155 G_B: 0.582 cycle_B: 0.480 idt_B: 0.298 
End of epoch 19 / 400 	 Time Taken: 223 sec
learning rate 0.0002000 -> 0.0002000
(epoch: 20, iters: 100, time: 0.340, data: 0.200) D_A: 0.126 G_A: 0.357 cycle_A: 0.959 idt_A: 0.328 D_B: 0.189 G_B: 0.378 cycle_B: 0.478 idt_B: 0.175 
(epoch: 20, iters: 200, time: 0.798, data: 0.002) D_A: 0.180 G_A: 0.239 cycle_A: 1.180 idt_A: 0.407 D_B: 0.569 G_B: 1.025 cycle_B: 0.540 idt_B: 0.229 
(epoch: 20, iters: 300, time: 0.379, data: 0.002) D_A: 0.163 G_A: 0.364 cycle_A: 1.173 idt_A: 0.391 D_B: 0.167 G_B: 0.473 cycle_B: 0.491 idt_B: 0.296 
(epoch: 20, iters: 400, time: 0.378, data: 0.002) D_A: 0.231 G_A: 0.362 cycle_A: 0.762 idt_A: 0.335 D_B: 0.254 G_B: 0.289 cycle_B: 0.477 idt_B: 0.145 
(epoch: 20, iters: 500, time: 0.342, data: 0.002) D_A: 0.214 G_A: 0.340 cycle_A: 1.903 idt_A: 0.427 D_B: 0.229 G_B: 0.367 cycle_B: 0.616 idt_B: 0.357 
(epoch: 20, iters: 600, time: 0.646, data: 0.003) D_A: 0.216 G_A: 0.601 cycle_A: 1.115 idt_A: 0.347 D_B: 0.149 G_B: 0.344 cycle_B: 0.465 idt_B: 0.189 
saving the model at the end of epoch 20, iters 12000
End of epoch 20 / 400 	 Time Taken: 221 sec
learning rate 0.0002000 -> 0.0002000
(epoch: 21, iters: 100, time: 0.386, data: 0.181) D_A: 0.181 G_A: 0.144 cycle_A: 0.815 idt_A: 0.298 D_B: 0.283 G_B: 0.247 cycle_B: 0.415 idt_B: 0.191 
(epoch: 21, iters: 200, time: 0.383, data: 0.002) D_A: 0.168 G_A: 0.327 cycle_A: 1.345 idt_A: 0.377 D_B: 0.138 G_B: 0.482 cycle_B: 0.643 idt_B: 0.247 
(epoch: 21, iters: 300, time: 0.351, data: 0.002) D_A: 0.162 G_A: 0.379 cycle_A: 1.046 idt_A: 0.416 D_B: 0.303 G_B: 0.294 cycle_B: 0.589 idt_B: 0.181 
(epoch: 21, iters: 400, time: 0.802, data: 0.003) D_A: 0.207 G_A: 0.463 cycle_A: 0.869 idt_A: 0.410 D_B: 0.217 G_B: 0.390 cycle_B: 0.543 idt_B: 0.139 
(epoch: 21, iters: 500, time: 0.358, data: 0.002) D_A: 0.179 G_A: 0.585 cycle_A: 1.441 idt_A: 0.416 D_B: 0.203 G_B: 0.183 cycle_B: 0.545 idt_B: 0.300 
(epoch: 21, iters: 600, time: 0.339, data: 0.002) D_A: 0.102 G_A: 0.369 cycle_A: 1.179 idt_A: 0.395 D_B: 0.174 G_B: 0.314 cycle_B: 0.521 idt_B: 0.216 
End of epoch 21 / 400 	 Time Taken: 223 sec
learning rate 0.0002000 -> 0.0002000
(epoch: 22, iters: 100, time: 0.339, data: 0.184) D_A: 0.211 G_A: 0.582 cycle_A: 1.142 idt_A: 0.312 D_B: 0.209 G_B: 0.209 cycle_B: 0.416 idt_B: 0.276 
(epoch: 22, iters: 200, time: 0.850, data: 0.004) D_A: 0.190 G_A: 0.265 cycle_A: 0.733 idt_A: 0.298 D_B: 0.206 G_B: 0.351 cycle_B: 0.436 idt_B: 0.148 
(epoch: 22, iters: 300, time: 0.388, data: 0.002) D_A: 0.214 G_A: 0.597 cycle_A: 1.512 idt_A: 0.417 D_B: 0.185 G_B: 0.473 cycle_B: 0.678 idt_B: 0.234 
(epoch: 22, iters: 400, time: 0.371, data: 0.002) D_A: 0.352 G_A: 0.406 cycle_A: 1.776 idt_A: 0.824 D_B: 0.183 G_B: 0.393 cycle_B: 0.740 idt_B: 0.288 
(epoch: 22, iters: 500, time: 0.356, data: 0.002) D_A: 0.267 G_A: 0.273 cycle_A: 0.837 idt_A: 0.437 D_B: 0.204 G_B: 0.336 cycle_B: 0.657 idt_B: 0.172 
(epoch: 22, iters: 600, time: 0.559, data: 0.003) D_A: 0.267 G_A: 0.268 cycle_A: 1.409 idt_A: 0.326 D_B: 0.191 G_B: 0.327 cycle_B: 0.566 idt_B: 0.264 
End of epoch 22 / 400 	 Time Taken: 226 sec
learning rate 0.0002000 -> 0.0002000
(epoch: 23, iters: 100, time: 0.366, data: 0.196) D_A: 0.254 G_A: 0.252 cycle_A: 1.098 idt_A: 0.301 D_B: 0.178 G_B: 0.385 cycle_B: 0.496 idt_B: 0.244 
(epoch: 23, iters: 200, time: 0.397, data: 0.002) D_A: 0.252 G_A: 0.284 cycle_A: 1.132 idt_A: 0.267 D_B: 0.221 G_B: 0.291 cycle_B: 0.430 idt_B: 0.308 
(epoch: 23, iters: 300, time: 0.346, data: 0.002) D_A: 0.251 G_A: 0.252 cycle_A: 1.362 idt_A: 0.342 D_B: 0.183 G_B: 0.538 cycle_B: 0.477 idt_B: 0.224 
(epoch: 23, iters: 400, time: 0.831, data: 0.002) D_A: 0.253 G_A: 0.270 cycle_A: 0.786 idt_A: 0.353 D_B: 0.192 G_B: 0.304 cycle_B: 0.534 idt_B: 0.205 
(epoch: 23, iters: 500, time: 0.362, data: 0.002) D_A: 0.239 G_A: 0.291 cycle_A: 1.355 idt_A: 0.356 D_B: 0.248 G_B: 0.449 cycle_B: 0.521 idt_B: 0.260 
(epoch: 23, iters: 600, time: 0.347, data: 0.002) D_A: 0.244 G_A: 0.255 cycle_A: 1.028 idt_A: 0.267 D_B: 0.277 G_B: 0.130 cycle_B: 0.448 idt_B: 0.194 
End of epoch 23 / 400 	 Time Taken: 220 sec
learning rate 0.0002000 -> 0.0002000
(epoch: 24, iters: 100, time: 0.397, data: 0.163) D_A: 0.254 G_A: 0.239 cycle_A: 0.825 idt_A: 0.347 D_B: 0.337 G_B: 0.775 cycle_B: 0.498 idt_B: 0.196 
(epoch: 24, iters: 200, time: 0.856, data: 0.002) D_A: 0.264 G_A: 0.243 cycle_A: 1.298 idt_A: 0.337 D_B: 0.208 G_B: 0.240 cycle_B: 0.541 idt_B: 0.271 
(epoch: 24, iters: 300, time: 0.350, data: 0.002) D_A: 0.262 G_A: 0.256 cycle_A: 0.964 idt_A: 0.237 D_B: 0.235 G_B: 0.637 cycle_B: 0.422 idt_B: 0.215 
(epoch: 24, iters: 400, time: 0.360, data: 0.003) D_A: 0.239 G_A: 0.282 cycle_A: 1.766 idt_A: 0.371 D_B: 0.166 G_B: 0.419 cycle_B: 0.548 idt_B: 0.436 
(epoch: 24, iters: 500, time: 0.339, data: 0.002) D_A: 0.239 G_A: 0.265 cycle_A: 0.531 idt_A: 0.357 D_B: 0.290 G_B: 0.157 cycle_B: 0.461 idt_B: 0.126 
(epoch: 24, iters: 600, time: 0.513, data: 0.002) D_A: 0.237 G_A: 0.286 cycle_A: 0.968 idt_A: 0.281 D_B: 0.157 G_B: 0.447 cycle_B: 0.464 idt_B: 0.209 
End of epoch 24 / 400 	 Time Taken: 216 sec
learning rate 0.0002000 -> 0.0002000
(epoch: 25, iters: 100, time: 0.375, data: 0.193) D_A: 0.240 G_A: 0.247 cycle_A: 1.299 idt_A: 0.343 D_B: 0.217 G_B: 0.144 cycle_B: 0.517 idt_B: 0.232 
(epoch: 25, iters: 200, time: 0.388, data: 0.002) D_A: 0.251 G_A: 0.259 cycle_A: 0.717 idt_A: 0.321 D_B: 0.438 G_B: 1.078 cycle_B: 0.434 idt_B: 0.152 
(epoch: 25, iters: 300, time: 0.329, data: 0.002) D_A: 0.234 G_A: 0.278 cycle_A: 1.199 idt_A: 0.267 D_B: 0.262 G_B: 0.285 cycle_B: 0.454 idt_B: 0.298 
(epoch: 25, iters: 400, time: 0.805, data: 0.003) D_A: 0.236 G_A: 0.254 cycle_A: 0.554 idt_A: 0.357 D_B: 0.279 G_B: 0.278 cycle_B: 0.468 idt_B: 0.133 
(epoch: 25, iters: 500, time: 0.394, data: 0.002) D_A: 0.247 G_A: 0.293 cycle_A: 0.968 idt_A: 0.305 D_B: 0.246 G_B: 0.285 cycle_B: 0.358 idt_B: 0.201 
(epoch: 25, iters: 600, time: 0.405, data: 0.001) D_A: 0.253 G_A: 0.265 cycle_A: 0.994 idt_A: 0.284 D_B: 0.260 G_B: 0.243 cycle_B: 0.454 idt_B: 0.202 
saving the model at the end of epoch 25, iters 15000
End of epoch 25 / 400 	 Time Taken: 225 sec
learning rate 0.0002000 -> 0.0002000
(epoch: 26, iters: 100, time: 0.344, data: 0.183) D_A: 0.249 G_A: 0.261 cycle_A: 1.223 idt_A: 0.347 D_B: 0.233 G_B: 0.286 cycle_B: 0.386 idt_B: 0.278 
(epoch: 26, iters: 200, time: 0.818, data: 0.002) D_A: 0.243 G_A: 0.277 cycle_A: 0.528 idt_A: 0.269 D_B: 0.239 G_B: 0.287 cycle_B: 0.452 idt_B: 0.137 
(epoch: 26, iters: 300, time: 0.375, data: 0.002) D_A: 0.241 G_A: 0.273 cycle_A: 1.013 idt_A: 0.411 D_B: 0.230 G_B: 0.278 cycle_B: 0.503 idt_B: 0.169 
(epoch: 26, iters: 400, time: 0.382, data: 0.002) D_A: 0.248 G_A: 0.286 cycle_A: 0.828 idt_A: 0.253 D_B: 0.226 G_B: 0.273 cycle_B: 0.366 idt_B: 0.160 
(epoch: 26, iters: 500, time: 0.386, data: 0.002) D_A: 0.257 G_A: 0.254 cycle_A: 0.790 idt_A: 0.310 D_B: 0.260 G_B: 0.264 cycle_B: 0.487 idt_B: 0.124 
(epoch: 26, iters: 600, time: 0.575, data: 0.002) D_A: 0.246 G_A: 0.270 cycle_A: 0.757 idt_A: 0.253 D_B: 0.252 G_B: 0.302 cycle_B: 0.313 idt_B: 0.184 
End of epoch 26 / 400 	 Time Taken: 225 sec
learning rate 0.0002000 -> 0.0002000
(epoch: 27, iters: 100, time: 0.389, data: 0.218) D_A: 0.247 G_A: 0.260 cycle_A: 0.887 idt_A: 0.263 D_B: 0.248 G_B: 0.258 cycle_B: 0.361 idt_B: 0.159 
(epoch: 27, iters: 200, time: 0.384, data: 0.002) D_A: 0.253 G_A: 0.250 cycle_A: 0.926 idt_A: 0.441 D_B: 0.231 G_B: 0.268 cycle_B: 0.465 idt_B: 0.200 
(epoch: 27, iters: 300, time: 0.342, data: 0.002) D_A: 0.254 G_A: 0.249 cycle_A: 0.699 idt_A: 0.308 D_B: 0.256 G_B: 0.346 cycle_B: 0.524 idt_B: 0.148 
(epoch: 27, iters: 400, time: 0.832, data: 0.002) D_A: 0.260 G_A: 0.286 cycle_A: 0.762 idt_A: 0.270 D_B: 0.252 G_B: 0.240 cycle_B: 0.369 idt_B: 0.175 
(epoch: 27, iters: 500, time: 0.348, data: 0.002) D_A: 0.210 G_A: 0.302 cycle_A: 0.663 idt_A: 0.358 D_B: 0.234 G_B: 0.352 cycle_B: 0.384 idt_B: 0.162 
(epoch: 27, iters: 600, time: 0.395, data: 0.002) D_A: 0.265 G_A: 0.250 cycle_A: 0.634 idt_A: 0.239 D_B: 0.264 G_B: 0.203 cycle_B: 0.385 idt_B: 0.131 
End of epoch 27 / 400 	 Time Taken: 224 sec
learning rate 0.0002000 -> 0.0002000
(epoch: 28, iters: 100, time: 0.405, data: 0.182) D_A: 0.237 G_A: 0.257 cycle_A: 0.576 idt_A: 0.345 D_B: 0.258 G_B: 0.312 cycle_B: 0.505 idt_B: 0.125 
(epoch: 28, iters: 200, time: 0.838, data: 0.002) D_A: 0.248 G_A: 0.257 cycle_A: 0.722 idt_A: 0.270 D_B: 0.234 G_B: 0.270 cycle_B: 0.468 idt_B: 0.148 
(epoch: 28, iters: 300, time: 0.340, data: 0.002) D_A: 0.237 G_A: 0.293 cycle_A: 0.995 idt_A: 0.253 D_B: 0.225 G_B: 0.246 cycle_B: 0.410 idt_B: 0.194 
(epoch: 28, iters: 400, time: 0.344, data: 0.003) D_A: 0.259 G_A: 0.273 cycle_A: 0.775 idt_A: 0.374 D_B: 0.239 G_B: 0.243 cycle_B: 0.420 idt_B: 0.215 
(epoch: 28, iters: 500, time: 0.350, data: 0.002) D_A: 0.243 G_A: 0.300 cycle_A: 0.860 idt_A: 0.358 D_B: 0.276 G_B: 0.313 cycle_B: 0.509 idt_B: 0.171 
(epoch: 28, iters: 600, time: 0.529, data: 0.002) D_A: 0.244 G_A: 0.267 cycle_A: 0.624 idt_A: 0.237 D_B: 0.273 G_B: 0.261 cycle_B: 0.360 idt_B: 0.153 
End of epoch 28 / 400 	 Time Taken: 217 sec
learning rate 0.0002000 -> 0.0002000
(epoch: 29, iters: 100, time: 0.387, data: 0.192) D_A: 0.223 G_A: 0.285 cycle_A: 0.678 idt_A: 0.279 D_B: 0.216 G_B: 0.332 cycle_B: 0.349 idt_B: 0.143 
(epoch: 29, iters: 200, time: 0.407, data: 0.002) D_A: 0.266 G_A: 0.248 cycle_A: 1.068 idt_A: 0.240 D_B: 0.231 G_B: 0.321 cycle_B: 0.366 idt_B: 0.166 
(epoch: 29, iters: 300, time: 0.343, data: 0.002) D_A: 0.256 G_A: 0.284 cycle_A: 0.648 idt_A: 0.290 D_B: 0.236 G_B: 0.315 cycle_B: 0.408 idt_B: 0.119 
(epoch: 29, iters: 400, time: 0.854, data: 0.002) D_A: 0.251 G_A: 0.244 cycle_A: 0.805 idt_A: 0.271 D_B: 0.228 G_B: 0.337 cycle_B: 0.379 idt_B: 0.187 
(epoch: 29, iters: 500, time: 0.359, data: 0.002) D_A: 0.260 G_A: 0.295 cycle_A: 0.837 idt_A: 0.369 D_B: 0.211 G_B: 0.216 cycle_B: 0.507 idt_B: 0.192 
(epoch: 29, iters: 600, time: 0.388, data: 0.002) D_A: 0.250 G_A: 0.262 cycle_A: 0.925 idt_A: 0.250 D_B: 0.246 G_B: 0.281 cycle_B: 0.408 idt_B: 0.185 
End of epoch 29 / 400 	 Time Taken: 225 sec
learning rate 0.0002000 -> 0.0002000
(epoch: 30, iters: 100, time: 0.352, data: 0.208) D_A: 0.239 G_A: 0.264 cycle_A: 0.710 idt_A: 0.360 D_B: 0.208 G_B: 0.295 cycle_B: 0.445 idt_B: 0.119 
(epoch: 30, iters: 200, time: 0.878, data: 0.002) D_A: 0.236 G_A: 0.295 cycle_A: 0.755 idt_A: 0.251 D_B: 0.230 G_B: 0.219 cycle_B: 0.404 idt_B: 0.134 
(epoch: 30, iters: 300, time: 0.340, data: 0.002) D_A: 0.241 G_A: 0.294 cycle_A: 0.977 idt_A: 0.387 D_B: 0.240 G_B: 0.236 cycle_B: 0.496 idt_B: 0.139 
(epoch: 30, iters: 400, time: 0.339, data: 0.002) D_A: 0.245 G_A: 0.259 cycle_A: 0.943 idt_A: 0.249 D_B: 0.268 G_B: 0.361 cycle_B: 0.426 idt_B: 0.143 
(epoch: 30, iters: 500, time: 0.358, data: 0.004) D_A: 0.228 G_A: 0.297 cycle_A: 0.991 idt_A: 0.259 D_B: 0.214 G_B: 0.268 cycle_B: 0.415 idt_B: 0.170 
(epoch: 30, iters: 600, time: 0.629, data: 0.002) D_A: 0.226 G_A: 0.281 cycle_A: 0.627 idt_A: 0.334 D_B: 0.223 G_B: 0.261 cycle_B: 0.445 idt_B: 0.154 
saving the model at the end of epoch 30, iters 18000
End of epoch 30 / 400 	 Time Taken: 217 sec
learning rate 0.0002000 -> 0.0002000
(epoch: 31, iters: 100, time: 0.375, data: 0.183) D_A: 0.253 G_A: 0.253 cycle_A: 0.716 idt_A: 0.224 D_B: 0.246 G_B: 0.277 cycle_B: 0.293 idt_B: 0.156 
(epoch: 31, iters: 200, time: 0.364, data: 0.002) D_A: 0.245 G_A: 0.265 cycle_A: 0.748 idt_A: 0.263 D_B: 0.258 G_B: 0.390 cycle_B: 0.461 idt_B: 0.179 
(epoch: 31, iters: 300, time: 0.357, data: 0.002) D_A: 0.281 G_A: 0.310 cycle_A: 0.953 idt_A: 0.318 D_B: 0.265 G_B: 0.216 cycle_B: 0.452 idt_B: 0.156 
(epoch: 31, iters: 400, time: 0.814, data: 0.002) D_A: 0.247 G_A: 0.244 cycle_A: 0.623 idt_A: 0.232 D_B: 0.239 G_B: 0.247 cycle_B: 0.410 idt_B: 0.155 
(epoch: 31, iters: 500, time: 0.376, data: 0.002) D_A: 0.243 G_A: 0.242 cycle_A: 0.812 idt_A: 0.255 D_B: 0.246 G_B: 0.235 cycle_B: 0.340 idt_B: 0.168 
(epoch: 31, iters: 600, time: 0.395, data: 0.002) D_A: 0.247 G_A: 0.287 cycle_A: 0.784 idt_A: 0.271 D_B: 0.265 G_B: 0.222 cycle_B: 0.382 idt_B: 0.186 
End of epoch 31 / 400 	 Time Taken: 227 sec
learning rate 0.0002000 -> 0.0002000
(epoch: 32, iters: 100, time: 0.384, data: 0.195) D_A: 0.248 G_A: 0.278 cycle_A: 0.704 idt_A: 0.277 D_B: 0.236 G_B: 0.238 cycle_B: 0.406 idt_B: 0.173 
(epoch: 32, iters: 200, time: 0.849, data: 0.002) D_A: 0.281 G_A: 0.256 cycle_A: 0.842 idt_A: 0.196 D_B: 0.214 G_B: 0.279 cycle_B: 0.313 idt_B: 0.172 
(epoch: 32, iters: 300, time: 0.368, data: 0.002) D_A: 0.249 G_A: 0.290 cycle_A: 0.741 idt_A: 0.266 D_B: 0.219 G_B: 0.356 cycle_B: 0.376 idt_B: 0.159 
(epoch: 32, iters: 400, time: 0.343, data: 0.002) D_A: 0.247 G_A: 0.282 cycle_A: 0.825 idt_A: 0.328 D_B: 0.292 G_B: 0.482 cycle_B: 0.563 idt_B: 0.188 
(epoch: 32, iters: 500, time: 0.347, data: 0.002) D_A: 0.222 G_A: 0.268 cycle_A: 0.588 idt_A: 0.276 D_B: 0.232 G_B: 0.280 cycle_B: 0.435 idt_B: 0.115 
(epoch: 32, iters: 600, time: 0.537, data: 0.002) D_A: 0.252 G_A: 0.300 cycle_A: 0.897 idt_A: 0.348 D_B: 0.214 G_B: 0.313 cycle_B: 0.431 idt_B: 0.158 
End of epoch 32 / 400 	 Time Taken: 218 sec
learning rate 0.0002000 -> 0.0002000
(epoch: 33, iters: 100, time: 0.363, data: 0.200) D_A: 0.267 G_A: 0.355 cycle_A: 0.787 idt_A: 0.250 D_B: 0.288 G_B: 0.211 cycle_B: 0.464 idt_B: 0.148 
(epoch: 33, iters: 200, time: 0.375, data: 0.002) D_A: 0.236 G_A: 0.357 cycle_A: 0.838 idt_A: 0.244 D_B: 0.200 G_B: 0.271 cycle_B: 0.490 idt_B: 0.210 
(epoch: 33, iters: 300, time: 0.336, data: 0.002) D_A: 0.267 G_A: 0.264 cycle_A: 1.081 idt_A: 0.365 D_B: 0.281 G_B: 0.446 cycle_B: 0.563 idt_B: 0.220 
(epoch: 33, iters: 400, time: 0.819, data: 0.002) D_A: 0.250 G_A: 0.369 cycle_A: 1.283 idt_A: 0.382 D_B: 0.209 G_B: 0.384 cycle_B: 0.458 idt_B: 0.247 
(epoch: 33, iters: 500, time: 0.357, data: 0.002) D_A: 0.276 G_A: 0.222 cycle_A: 0.652 idt_A: 0.363 D_B: 0.226 G_B: 0.244 cycle_B: 0.484 idt_B: 0.127 
(epoch: 33, iters: 600, time: 0.340, data: 0.003) D_A: 0.233 G_A: 0.230 cycle_A: 0.841 idt_A: 0.240 D_B: 0.203 G_B: 0.408 cycle_B: 0.386 idt_B: 0.144 
End of epoch 33 / 400 	 Time Taken: 221 sec
learning rate 0.0002000 -> 0.0002000
(epoch: 34, iters: 100, time: 0.337, data: 0.181) D_A: 0.243 G_A: 0.311 cycle_A: 0.769 idt_A: 0.273 D_B: 0.210 G_B: 0.333 cycle_B: 0.384 idt_B: 0.224 
(epoch: 34, iters: 200, time: 0.818, data: 0.002) D_A: 0.224 G_A: 0.253 cycle_A: 0.769 idt_A: 0.260 D_B: 0.243 G_B: 0.370 cycle_B: 0.450 idt_B: 0.204 
(epoch: 34, iters: 300, time: 0.377, data: 0.002) D_A: 0.265 G_A: 0.268 cycle_A: 0.705 idt_A: 0.316 D_B: 0.216 G_B: 0.315 cycle_B: 0.436 idt_B: 0.159 
(epoch: 34, iters: 400, time: 0.371, data: 0.002) D_A: 0.248 G_A: 0.348 cycle_A: 0.797 idt_A: 0.265 D_B: 0.269 G_B: 0.346 cycle_B: 0.397 idt_B: 0.163 
(epoch: 34, iters: 500, time: 0.342, data: 0.002) D_A: 0.199 G_A: 0.217 cycle_A: 0.676 idt_A: 0.321 D_B: 0.293 G_B: 0.457 cycle_B: 0.435 idt_B: 0.147 
(epoch: 34, iters: 600, time: 0.558, data: 0.004) D_A: 0.270 G_A: 0.288 cycle_A: 0.800 idt_A: 0.283 D_B: 0.230 G_B: 0.400 cycle_B: 0.455 idt_B: 0.197 
End of epoch 34 / 400 	 Time Taken: 225 sec
learning rate 0.0002000 -> 0.0002000
(epoch: 35, iters: 100, time: 0.368, data: 0.193) D_A: 0.258 G_A: 0.275 cycle_A: 0.745 idt_A: 0.275 D_B: 0.255 G_B: 0.274 cycle_B: 0.504 idt_B: 0.128 
(epoch: 35, iters: 200, time: 0.381, data: 0.002) D_A: 0.237 G_A: 0.249 cycle_A: 1.130 idt_A: 0.324 D_B: 0.220 G_B: 0.243 cycle_B: 0.495 idt_B: 0.204 
(epoch: 35, iters: 300, time: 0.346, data: 0.002) D_A: 0.259 G_A: 0.273 cycle_A: 0.961 idt_A: 0.222 D_B: 0.270 G_B: 0.390 cycle_B: 0.355 idt_B: 0.220 
(epoch: 35, iters: 400, time: 0.845, data: 0.002) D_A: 0.291 G_A: 0.259 cycle_A: 0.738 idt_A: 0.249 D_B: 0.229 G_B: 0.360 cycle_B: 0.378 idt_B: 0.140 
(epoch: 35, iters: 500, time: 0.342, data: 0.002) D_A: 0.302 G_A: 0.275 cycle_A: 0.697 idt_A: 0.226 D_B: 0.333 G_B: 0.466 cycle_B: 0.438 idt_B: 0.151 
(epoch: 35, iters: 600, time: 0.333, data: 0.002) D_A: 0.289 G_A: 0.407 cycle_A: 0.744 idt_A: 0.310 D_B: 0.274 G_B: 0.182 cycle_B: 0.396 idt_B: 0.176 
saving the model at the end of epoch 35, iters 21000
End of epoch 35 / 400 	 Time Taken: 221 sec
learning rate 0.0002000 -> 0.0002000
(epoch: 36, iters: 100, time: 0.387, data: 0.182) D_A: 0.225 G_A: 0.285 cycle_A: 0.762 idt_A: 0.301 D_B: 0.235 G_B: 0.383 cycle_B: 0.555 idt_B: 0.149 
(epoch: 36, iters: 200, time: 0.863, data: 0.002) D_A: 0.421 G_A: 0.394 cycle_A: 0.642 idt_A: 0.255 D_B: 0.237 G_B: 0.589 cycle_B: 0.383 idt_B: 0.143 
(epoch: 36, iters: 300, time: 0.338, data: 0.002) D_A: 0.228 G_A: 0.254 cycle_A: 0.654 idt_A: 0.242 D_B: 0.246 G_B: 0.333 cycle_B: 0.314 idt_B: 0.137 
(epoch: 36, iters: 400, time: 0.339, data: 0.002) D_A: 0.257 G_A: 0.292 cycle_A: 0.801 idt_A: 0.315 D_B: 0.223 G_B: 0.330 cycle_B: 0.465 idt_B: 0.164 
(epoch: 36, iters: 500, time: 0.342, data: 0.002) D_A: 0.256 G_A: 0.357 cycle_A: 0.936 idt_A: 0.326 D_B: 0.266 G_B: 0.277 cycle_B: 0.602 idt_B: 0.210 
(epoch: 36, iters: 600, time: 0.520, data: 0.002) D_A: 0.246 G_A: 0.260 cycle_A: 1.403 idt_A: 0.264 D_B: 0.191 G_B: 0.603 cycle_B: 0.516 idt_B: 0.277 
End of epoch 36 / 400 	 Time Taken: 218 sec
learning rate 0.0002000 -> 0.0002000
(epoch: 37, iters: 100, time: 0.343, data: 0.203) D_A: 0.272 G_A: 0.240 cycle_A: 0.844 idt_A: 0.229 D_B: 0.256 G_B: 0.338 cycle_B: 0.436 idt_B: 0.142 
(epoch: 37, iters: 200, time: 0.402, data: 0.002) D_A: 0.265 G_A: 0.295 cycle_A: 0.904 idt_A: 0.326 D_B: 0.276 G_B: 0.223 cycle_B: 0.434 idt_B: 0.173 
(epoch: 37, iters: 300, time: 0.344, data: 0.002) D_A: 0.213 G_A: 0.323 cycle_A: 1.087 idt_A: 0.235 D_B: 0.237 G_B: 0.343 cycle_B: 0.321 idt_B: 0.202 
(epoch: 37, iters: 400, time: 0.815, data: 0.003) D_A: 0.229 G_A: 0.334 cycle_A: 1.138 idt_A: 0.316 D_B: 0.277 G_B: 0.287 cycle_B: 0.515 idt_B: 0.179 
(epoch: 37, iters: 500, time: 0.367, data: 0.002) D_A: 0.222 G_A: 0.332 cycle_A: 0.795 idt_A: 0.330 D_B: 0.265 G_B: 0.268 cycle_B: 0.425 idt_B: 0.140 
(epoch: 37, iters: 600, time: 0.395, data: 0.002) D_A: 0.260 G_A: 0.331 cycle_A: 0.767 idt_A: 0.377 D_B: 0.266 G_B: 0.545 cycle_B: 0.471 idt_B: 0.149 
End of epoch 37 / 400 	 Time Taken: 221 sec
learning rate 0.0002000 -> 0.0002000
(epoch: 38, iters: 100, time: 0.387, data: 0.176) D_A: 0.218 G_A: 0.318 cycle_A: 0.942 idt_A: 0.193 D_B: 0.164 G_B: 0.254 cycle_B: 0.309 idt_B: 0.211 
(epoch: 38, iters: 200, time: 0.841, data: 0.002) D_A: 0.317 G_A: 0.262 cycle_A: 0.661 idt_A: 0.245 D_B: 0.244 G_B: 0.222 cycle_B: 0.389 idt_B: 0.150 
(epoch: 38, iters: 300, time: 0.336, data: 0.002) D_A: 0.270 G_A: 0.430 cycle_A: 0.714 idt_A: 0.436 D_B: 0.237 G_B: 0.414 cycle_B: 0.461 idt_B: 0.112 
(epoch: 38, iters: 400, time: 0.346, data: 0.002) D_A: 0.215 G_A: 0.335 cycle_A: 0.541 idt_A: 0.219 D_B: 0.228 G_B: 0.233 cycle_B: 0.401 idt_B: 0.123 
(epoch: 38, iters: 500, time: 0.342, data: 0.003) D_A: 0.301 G_A: 0.271 cycle_A: 0.674 idt_A: 0.288 D_B: 0.287 G_B: 0.218 cycle_B: 0.387 idt_B: 0.138 
(epoch: 38, iters: 600, time: 0.519, data: 0.002) D_A: 0.223 G_A: 0.254 cycle_A: 1.297 idt_A: 0.269 D_B: 0.211 G_B: 0.366 cycle_B: 0.429 idt_B: 0.202 
End of epoch 38 / 400 	 Time Taken: 218 sec
learning rate 0.0002000 -> 0.0002000
(epoch: 39, iters: 100, time: 0.377, data: 0.192) D_A: 0.258 G_A: 0.319 cycle_A: 0.626 idt_A: 0.249 D_B: 0.262 G_B: 0.474 cycle_B: 0.497 idt_B: 0.108 
(epoch: 39, iters: 200, time: 0.381, data: 0.002) D_A: 0.294 G_A: 0.294 cycle_A: 0.732 idt_A: 0.254 D_B: 0.266 G_B: 0.341 cycle_B: 0.391 idt_B: 0.136 
(epoch: 39, iters: 300, time: 0.369, data: 0.002) D_A: 0.229 G_A: 0.271 cycle_A: 0.703 idt_A: 0.226 D_B: 0.219 G_B: 0.390 cycle_B: 0.391 idt_B: 0.178 
(epoch: 39, iters: 400, time: 0.823, data: 0.002) D_A: 0.381 G_A: 0.526 cycle_A: 0.905 idt_A: 0.210 D_B: 0.206 G_B: 0.274 cycle_B: 0.391 idt_B: 0.178 
(epoch: 39, iters: 500, time: 0.346, data: 0.002) D_A: 0.211 G_A: 0.328 cycle_A: 0.699 idt_A: 0.221 D_B: 0.222 G_B: 0.318 cycle_B: 0.310 idt_B: 0.142 
(epoch: 39, iters: 600, time: 0.353, data: 0.002) D_A: 0.230 G_A: 0.304 cycle_A: 0.608 idt_A: 0.263 D_B: 0.240 G_B: 0.346 cycle_B: 0.395 idt_B: 0.132 
End of epoch 39 / 400 	 Time Taken: 222 sec
learning rate 0.0002000 -> 0.0002000
(epoch: 40, iters: 100, time: 0.345, data: 0.183) D_A: 0.234 G_A: 0.295 cycle_A: 1.542 idt_A: 0.293 D_B: 0.252 G_B: 0.211 cycle_B: 0.464 idt_B: 0.219 
(epoch: 40, iters: 200, time: 0.833, data: 0.002) D_A: 0.265 G_A: 0.259 cycle_A: 0.952 idt_A: 0.437 D_B: 0.255 G_B: 0.258 cycle_B: 0.540 idt_B: 0.231 
(epoch: 40, iters: 300, time: 0.370, data: 0.002) D_A: 0.237 G_A: 0.240 cycle_A: 0.611 idt_A: 0.191 D_B: 0.248 G_B: 0.480 cycle_B: 0.327 idt_B: 0.157 
(epoch: 40, iters: 400, time: 0.379, data: 0.002) D_A: 0.233 G_A: 0.401 cycle_A: 0.459 idt_A: 0.251 D_B: 0.262 G_B: 0.415 cycle_B: 0.375 idt_B: 0.107 
(epoch: 40, iters: 500, time: 0.341, data: 0.002) D_A: 0.233 G_A: 0.417 cycle_A: 1.441 idt_A: 0.322 D_B: 0.294 G_B: 0.349 cycle_B: 0.508 idt_B: 0.206 
(epoch: 40, iters: 600, time: 0.664, data: 0.002) D_A: 0.196 G_A: 0.289 cycle_A: 0.497 idt_A: 0.256 D_B: 0.178 G_B: 0.405 cycle_B: 0.406 idt_B: 0.126 
saving the model at the end of epoch 40, iters 24000
End of epoch 40 / 400 	 Time Taken: 222 sec
learning rate 0.0002000 -> 0.0002000
(epoch: 41, iters: 100, time: 0.383, data: 0.180) D_A: 0.219 G_A: 0.302 cycle_A: 0.733 idt_A: 0.243 D_B: 0.226 G_B: 0.227 cycle_B: 0.346 idt_B: 0.143 
(epoch: 41, iters: 200, time: 0.382, data: 0.002) D_A: 0.237 G_A: 0.293 cycle_A: 0.611 idt_A: 0.258 D_B: 0.228 G_B: 0.195 cycle_B: 0.378 idt_B: 0.147 
(epoch: 41, iters: 300, time: 0.334, data: 0.002) D_A: 0.243 G_A: 0.340 cycle_A: 1.064 idt_A: 0.344 D_B: 0.266 G_B: 0.227 cycle_B: 0.526 idt_B: 0.277 
(epoch: 41, iters: 400, time: 0.820, data: 0.002) D_A: 0.201 G_A: 0.339 cycle_A: 0.527 idt_A: 0.228 D_B: 0.218 G_B: 0.338 cycle_B: 0.405 idt_B: 0.134 
(epoch: 41, iters: 500, time: 0.350, data: 0.002) D_A: 0.270 G_A: 0.358 cycle_A: 0.490 idt_A: 0.260 D_B: 0.194 G_B: 0.274 cycle_B: 0.366 idt_B: 0.117 
(epoch: 41, iters: 600, time: 0.344, data: 0.002) D_A: 0.205 G_A: 0.283 cycle_A: 0.976 idt_A: 0.378 D_B: 0.246 G_B: 0.459 cycle_B: 0.356 idt_B: 0.211 
End of epoch 41 / 400 	 Time Taken: 224 sec
learning rate 0.0002000 -> 0.0002000
(epoch: 42, iters: 100, time: 0.348, data: 0.190) D_A: 0.223 G_A: 0.285 cycle_A: 0.777 idt_A: 0.265 D_B: 0.250 G_B: 0.383 cycle_B: 0.313 idt_B: 0.162 
(epoch: 42, iters: 200, time: 0.829, data: 0.002) D_A: 0.236 G_A: 0.250 cycle_A: 0.908 idt_A: 0.298 D_B: 0.248 G_B: 0.350 cycle_B: 0.606 idt_B: 0.188 
(epoch: 42, iters: 300, time: 0.402, data: 0.002) D_A: 0.287 G_A: 0.300 cycle_A: 0.648 idt_A: 0.309 D_B: 0.205 G_B: 0.302 cycle_B: 0.408 idt_B: 0.160 
(epoch: 42, iters: 400, time: 0.387, data: 0.002) D_A: 0.210 G_A: 0.285 cycle_A: 0.545 idt_A: 0.237 D_B: 0.286 G_B: 0.284 cycle_B: 0.330 idt_B: 0.123 
(epoch: 42, iters: 500, time: 0.343, data: 0.002) D_A: 0.229 G_A: 0.249 cycle_A: 0.510 idt_A: 0.298 D_B: 0.266 G_B: 0.421 cycle_B: 0.350 idt_B: 0.094 
(epoch: 42, iters: 600, time: 0.558, data: 0.002) D_A: 0.209 G_A: 0.378 cycle_A: 0.961 idt_A: 0.231 D_B: 0.250 G_B: 0.405 cycle_B: 0.350 idt_B: 0.139 
End of epoch 42 / 400 	 Time Taken: 226 sec
learning rate 0.0002000 -> 0.0002000
(epoch: 43, iters: 100, time: 0.373, data: 0.180) D_A: 0.210 G_A: 0.311 cycle_A: 0.562 idt_A: 0.257 D_B: 0.237 G_B: 0.242 cycle_B: 0.368 idt_B: 0.139 
(epoch: 43, iters: 200, time: 0.380, data: 0.002) D_A: 0.228 G_A: 0.351 cycle_A: 1.001 idt_A: 0.190 D_B: 0.152 G_B: 0.307 cycle_B: 0.371 idt_B: 0.268 
(epoch: 43, iters: 300, time: 0.345, data: 0.002) D_A: 0.250 G_A: 0.299 cycle_A: 0.841 idt_A: 0.257 D_B: 0.226 G_B: 0.168 cycle_B: 0.416 idt_B: 0.153 
(epoch: 43, iters: 400, time: 0.825, data: 0.002) D_A: 0.237 G_A: 0.244 cycle_A: 0.662 idt_A: 0.318 D_B: 0.220 G_B: 0.302 cycle_B: 0.428 idt_B: 0.122 
(epoch: 43, iters: 500, time: 0.347, data: 0.002) D_A: 0.249 G_A: 0.251 cycle_A: 0.549 idt_A: 0.228 D_B: 0.209 G_B: 0.281 cycle_B: 0.295 idt_B: 0.089 
(epoch: 43, iters: 600, time: 0.343, data: 0.002) D_A: 0.238 G_A: 0.235 cycle_A: 0.893 idt_A: 0.243 D_B: 0.210 G_B: 0.309 cycle_B: 0.354 idt_B: 0.184 
End of epoch 43 / 400 	 Time Taken: 224 sec
learning rate 0.0002000 -> 0.0002000
(epoch: 44, iters: 100, time: 0.363, data: 0.182) D_A: 0.278 G_A: 0.227 cycle_A: 0.747 idt_A: 0.253 D_B: 0.266 G_B: 0.288 cycle_B: 0.317 idt_B: 0.147 
(epoch: 44, iters: 200, time: 0.820, data: 0.002) D_A: 0.241 G_A: 0.343 cycle_A: 0.600 idt_A: 0.238 D_B: 0.233 G_B: 0.348 cycle_B: 0.372 idt_B: 0.113 
(epoch: 44, iters: 300, time: 0.374, data: 0.002) D_A: 0.232 G_A: 0.300 cycle_A: 0.774 idt_A: 0.201 D_B: 0.248 G_B: 0.310 cycle_B: 0.368 idt_B: 0.139 
(epoch: 44, iters: 400, time: 0.353, data: 0.002) D_A: 0.259 G_A: 0.331 cycle_A: 0.609 idt_A: 0.237 D_B: 0.186 G_B: 0.280 cycle_B: 0.337 idt_B: 0.118 
(epoch: 44, iters: 500, time: 0.360, data: 0.002) D_A: 0.264 G_A: 0.208 cycle_A: 0.718 idt_A: 0.210 D_B: 0.233 G_B: 0.318 cycle_B: 0.358 idt_B: 0.139 
(epoch: 44, iters: 600, time: 0.557, data: 0.002) D_A: 0.198 G_A: 0.462 cycle_A: 0.850 idt_A: 0.224 D_B: 0.127 G_B: 0.308 cycle_B: 0.408 idt_B: 0.182 
End of epoch 44 / 400 	 Time Taken: 224 sec
learning rate 0.0002000 -> 0.0002000
(epoch: 45, iters: 100, time: 0.366, data: 0.177) D_A: 0.220 G_A: 0.273 cycle_A: 0.766 idt_A: 0.280 D_B: 0.216 G_B: 0.285 cycle_B: 0.430 idt_B: 0.154 
(epoch: 45, iters: 200, time: 0.389, data: 0.003) D_A: 0.250 G_A: 0.312 cycle_A: 0.721 idt_A: 0.237 D_B: 0.192 G_B: 0.350 cycle_B: 0.376 idt_B: 0.137 
(epoch: 45, iters: 300, time: 0.349, data: 0.002) D_A: 0.228 G_A: 0.354 cycle_A: 0.685 idt_A: 0.233 D_B: 0.183 G_B: 0.368 cycle_B: 0.389 idt_B: 0.116 
(epoch: 45, iters: 400, time: 0.831, data: 0.002) D_A: 0.278 G_A: 0.304 cycle_A: 0.423 idt_A: 0.244 D_B: 0.276 G_B: 0.366 cycle_B: 0.410 idt_B: 0.100 
(epoch: 45, iters: 500, time: 0.385, data: 0.002) D_A: 0.306 G_A: 0.413 cycle_A: 0.641 idt_A: 0.195 D_B: 0.251 G_B: 0.382 cycle_B: 0.342 idt_B: 0.105 
(epoch: 45, iters: 600, time: 0.366, data: 0.002) D_A: 0.211 G_A: 0.308 cycle_A: 0.617 idt_A: 0.274 D_B: 0.237 G_B: 0.330 cycle_B: 0.473 idt_B: 0.167 
saving the model at the end of epoch 45, iters 27000
End of epoch 45 / 400 	 Time Taken: 228 sec
learning rate 0.0002000 -> 0.0002000
(epoch: 46, iters: 100, time: 0.342, data: 0.167) D_A: 0.203 G_A: 0.285 cycle_A: 0.835 idt_A: 0.240 D_B: 0.238 G_B: 0.262 cycle_B: 0.360 idt_B: 0.153 
(epoch: 46, iters: 200, time: 0.830, data: 0.002) D_A: 0.307 G_A: 0.487 cycle_A: 0.652 idt_A: 0.264 D_B: 0.236 G_B: 0.226 cycle_B: 0.378 idt_B: 0.116 
(epoch: 46, iters: 300, time: 0.380, data: 0.002) D_A: 0.238 G_A: 0.271 cycle_A: 0.802 idt_A: 0.301 D_B: 0.295 G_B: 0.341 cycle_B: 0.523 idt_B: 0.137 
(epoch: 46, iters: 400, time: 0.357, data: 0.002) D_A: 0.263 G_A: 0.211 cycle_A: 0.567 idt_A: 0.190 D_B: 0.186 G_B: 0.317 cycle_B: 0.335 idt_B: 0.147 
(epoch: 46, iters: 500, time: 0.411, data: 0.002) D_A: 0.244 G_A: 0.269 cycle_A: 0.647 idt_A: 0.295 D_B: 0.300 G_B: 0.200 cycle_B: 0.384 idt_B: 0.105 
(epoch: 46, iters: 600, time: 0.392, data: 0.002) D_A: 0.267 G_A: 0.495 cycle_A: 0.947 idt_A: 0.293 D_B: 0.209 G_B: 0.345 cycle_B: 0.474 idt_B: 0.199 
End of epoch 46 / 400 	 Time Taken: 224 sec
learning rate 0.0002000 -> 0.0002000
(epoch: 47, iters: 100, time: 0.344, data: 0.209) D_A: 0.317 G_A: 0.289 cycle_A: 0.510 idt_A: 0.270 D_B: 0.233 G_B: 0.322 cycle_B: 0.327 idt_B: 0.117 
(epoch: 47, iters: 200, time: 0.329, data: 0.002) D_A: 0.201 G_A: 0.314 cycle_A: 1.111 idt_A: 0.251 D_B: 0.178 G_B: 0.421 cycle_B: 0.382 idt_B: 0.143 
(epoch: 47, iters: 300, time: 0.340, data: 0.002) D_A: 0.222 G_A: 0.329 cycle_A: 1.226 idt_A: 0.190 D_B: 0.158 G_B: 0.393 cycle_B: 0.425 idt_B: 0.224 
(epoch: 47, iters: 400, time: 0.856, data: 0.002) D_A: 0.256 G_A: 0.271 cycle_A: 0.856 idt_A: 0.280 D_B: 0.246 G_B: 0.395 cycle_B: 0.433 idt_B: 0.166 
(epoch: 47, iters: 500, time: 0.343, data: 0.002) D_A: 0.292 G_A: 0.314 cycle_A: 0.596 idt_A: 0.305 D_B: 0.260 G_B: 0.213 cycle_B: 0.349 idt_B: 0.112 
(epoch: 47, iters: 600, time: 0.341, data: 0.003) D_A: 0.329 G_A: 0.511 cycle_A: 0.816 idt_A: 0.239 D_B: 0.163 G_B: 0.361 cycle_B: 0.317 idt_B: 0.158 
End of epoch 47 / 400 	 Time Taken: 213 sec
learning rate 0.0002000 -> 0.0002000
(epoch: 48, iters: 100, time: 0.342, data: 0.168) D_A: 0.218 G_A: 0.306 cycle_A: 0.605 idt_A: 0.249 D_B: 0.211 G_B: 0.357 cycle_B: 0.421 idt_B: 0.120 
(epoch: 48, iters: 200, time: 0.828, data: 0.002) D_A: 0.222 G_A: 0.283 cycle_A: 0.737 idt_A: 0.231 D_B: 0.197 G_B: 0.352 cycle_B: 0.417 idt_B: 0.134 
(epoch: 48, iters: 300, time: 0.388, data: 0.002) D_A: 0.285 G_A: 0.331 cycle_A: 0.602 idt_A: 0.238 D_B: 0.283 G_B: 0.206 cycle_B: 0.328 idt_B: 0.088 
(epoch: 48, iters: 400, time: 0.388, data: 0.002) D_A: 0.221 G_A: 0.301 cycle_A: 0.689 idt_A: 0.201 D_B: 0.203 G_B: 0.226 cycle_B: 0.349 idt_B: 0.144 
(epoch: 48, iters: 500, time: 0.385, data: 0.002) D_A: 0.246 G_A: 0.253 cycle_A: 0.690 idt_A: 0.225 D_B: 0.262 G_B: 0.444 cycle_B: 0.312 idt_B: 0.147 
(epoch: 48, iters: 600, time: 0.568, data: 0.002) D_A: 0.276 G_A: 0.420 cycle_A: 0.625 idt_A: 0.302 D_B: 0.227 G_B: 0.241 cycle_B: 0.467 idt_B: 0.122 
End of epoch 48 / 400 	 Time Taken: 229 sec
learning rate 0.0002000 -> 0.0002000
(epoch: 49, iters: 100, time: 0.381, data: 0.192) D_A: 0.229 G_A: 0.294 cycle_A: 0.690 idt_A: 0.190 D_B: 0.214 G_B: 0.404 cycle_B: 0.321 idt_B: 0.113 
(epoch: 49, iters: 200, time: 0.389, data: 0.002) D_A: 0.267 G_A: 0.217 cycle_A: 0.521 idt_A: 0.272 D_B: 0.312 G_B: 0.222 cycle_B: 0.327 idt_B: 0.104 
(epoch: 49, iters: 300, time: 0.345, data: 0.002) D_A: 0.330 G_A: 0.416 cycle_A: 0.631 idt_A: 0.314 D_B: 0.241 G_B: 0.509 cycle_B: 0.449 idt_B: 0.103 
(epoch: 49, iters: 400, time: 0.822, data: 0.002) D_A: 0.225 G_A: 0.288 cycle_A: 0.676 idt_A: 0.305 D_B: 0.258 G_B: 0.399 cycle_B: 0.432 idt_B: 0.117 
(epoch: 49, iters: 500, time: 0.348, data: 0.002) D_A: 0.211 G_A: 0.308 cycle_A: 0.724 idt_A: 0.323 D_B: 0.192 G_B: 0.314 cycle_B: 0.570 idt_B: 0.112 
(epoch: 49, iters: 600, time: 0.368, data: 0.003) D_A: 0.228 G_A: 0.440 cycle_A: 0.995 idt_A: 0.206 D_B: 0.129 G_B: 0.428 cycle_B: 0.671 idt_B: 0.210 
End of epoch 49 / 400 	 Time Taken: 224 sec
learning rate 0.0002000 -> 0.0002000
(epoch: 50, iters: 100, time: 0.357, data: 0.184) D_A: 0.230 G_A: 0.265 cycle_A: 0.988 idt_A: 0.222 D_B: 0.196 G_B: 0.264 cycle_B: 0.399 idt_B: 0.152 
(epoch: 50, iters: 200, time: 0.851, data: 0.002) D_A: 0.282 G_A: 0.169 cycle_A: 0.688 idt_A: 0.210 D_B: 0.198 G_B: 0.308 cycle_B: 0.328 idt_B: 0.116 
(epoch: 50, iters: 300, time: 0.369, data: 0.002) D_A: 0.285 G_A: 0.514 cycle_A: 0.614 idt_A: 0.182 D_B: 0.231 G_B: 0.264 cycle_B: 0.280 idt_B: 0.140 
(epoch: 50, iters: 400, time: 0.364, data: 0.002) D_A: 0.214 G_A: 0.380 cycle_A: 0.533 idt_A: 0.186 D_B: 0.200 G_B: 0.512 cycle_B: 0.322 idt_B: 0.115 
(epoch: 50, iters: 500, time: 0.321, data: 0.002) D_A: 0.250 G_A: 0.263 cycle_A: 0.626 idt_A: 0.251 D_B: 0.209 G_B: 0.481 cycle_B: 0.472 idt_B: 0.118 
(epoch: 50, iters: 600, time: 0.638, data: 0.002) D_A: 0.250 G_A: 0.323 cycle_A: 0.702 idt_A: 0.247 D_B: 0.188 G_B: 0.277 cycle_B: 0.309 idt_B: 0.207 
saving the model at the end of epoch 50, iters 30000
End of epoch 50 / 400 	 Time Taken: 225 sec
learning rate 0.0002000 -> 0.0002000
(epoch: 51, iters: 100, time: 0.386, data: 0.178) D_A: 0.263 G_A: 0.289 cycle_A: 0.816 idt_A: 0.225 D_B: 0.268 G_B: 0.120 cycle_B: 0.353 idt_B: 0.136 
(epoch: 51, iters: 200, time: 0.358, data: 0.002) D_A: 0.229 G_A: 0.377 cycle_A: 0.983 idt_A: 0.247 D_B: 0.216 G_B: 0.198 cycle_B: 0.424 idt_B: 0.213 
(epoch: 51, iters: 300, time: 0.342, data: 0.002) D_A: 0.242 G_A: 0.455 cycle_A: 0.565 idt_A: 0.186 D_B: 0.282 G_B: 0.223 cycle_B: 0.298 idt_B: 0.098 
(epoch: 51, iters: 400, time: 0.856, data: 0.002) D_A: 0.233 G_A: 0.471 cycle_A: 0.538 idt_A: 0.280 D_B: 0.261 G_B: 0.260 cycle_B: 0.311 idt_B: 0.098 
(epoch: 51, iters: 500, time: 0.342, data: 0.002) D_A: 0.205 G_A: 0.266 cycle_A: 1.055 idt_A: 0.278 D_B: 0.248 G_B: 0.295 cycle_B: 0.498 idt_B: 0.184 
(epoch: 51, iters: 600, time: 0.389, data: 0.002) D_A: 0.220 G_A: 0.335 cycle_A: 0.601 idt_A: 0.241 D_B: 0.162 G_B: 0.350 cycle_B: 0.317 idt_B: 0.159 
End of epoch 51 / 400 	 Time Taken: 224 sec
learning rate 0.0002000 -> 0.0002000
(epoch: 52, iters: 100, time: 0.370, data: 0.186) D_A: 0.224 G_A: 0.515 cycle_A: 0.944 idt_A: 0.276 D_B: 0.243 G_B: 0.474 cycle_B: 0.422 idt_B: 0.169 
(epoch: 52, iters: 200, time: 0.864, data: 0.002) D_A: 0.228 G_A: 0.412 cycle_A: 0.741 idt_A: 0.228 D_B: 0.196 G_B: 0.293 cycle_B: 0.389 idt_B: 0.138 
(epoch: 52, iters: 300, time: 0.297, data: 0.002) D_A: 0.210 G_A: 0.273 cycle_A: 0.844 idt_A: 0.253 D_B: 0.206 G_B: 0.416 cycle_B: 0.421 idt_B: 0.144 
(epoch: 52, iters: 400, time: 0.382, data: 0.002) D_A: 0.264 G_A: 0.289 cycle_A: 0.913 idt_A: 0.266 D_B: 0.209 G_B: 0.236 cycle_B: 0.466 idt_B: 0.181 
(epoch: 52, iters: 500, time: 0.369, data: 0.002) D_A: 0.263 G_A: 0.401 cycle_A: 0.623 idt_A: 0.226 D_B: 0.194 G_B: 0.333 cycle_B: 0.341 idt_B: 0.141 
(epoch: 52, iters: 600, time: 0.481, data: 0.002) D_A: 0.243 G_A: 0.290 cycle_A: 1.075 idt_A: 0.200 D_B: 0.217 G_B: 0.394 cycle_B: 0.375 idt_B: 0.171 
End of epoch 52 / 400 	 Time Taken: 221 sec
learning rate 0.0002000 -> 0.0002000
(epoch: 53, iters: 100, time: 0.365, data: 0.190) D_A: 0.210 G_A: 0.168 cycle_A: 0.623 idt_A: 0.210 D_B: 0.225 G_B: 0.253 cycle_B: 0.320 idt_B: 0.125 
(epoch: 53, iters: 200, time: 0.379, data: 0.002) D_A: 0.202 G_A: 0.304 cycle_A: 0.566 idt_A: 0.218 D_B: 0.307 G_B: 0.337 cycle_B: 0.341 idt_B: 0.081 
(epoch: 53, iters: 300, time: 0.352, data: 0.002) D_A: 0.182 G_A: 0.399 cycle_A: 1.047 idt_A: 0.270 D_B: 0.166 G_B: 0.319 cycle_B: 0.421 idt_B: 0.175 
Traceback (most recent call last):
  File "/home/guest1/.conda/envs/ellen/lib/python3.7/site-packages/PIL/ImageFile.py", line 504, in _save
    fh = fp.fileno()
AttributeError: '_idat' object has no attribute 'fileno'

During handling of the above exception, another exception occurred:

Traceback (most recent call last):
  File "train.py", line 128, in <module>
    model.get_current_visuals(), epoch, save_result)
  File "/home/guest1/ellen_code/pytorch-CycleGAN-and-pix2pix_ellen/util/visualizer.py", line 180, in display_current_results
    wandb_image = wandb.Image(image_numpy)
  File "/home/guest1/.conda/envs/ellen/lib/python3.7/site-packages/wandb/sdk/data_types.py", line 2086, in __init__
    self._initialize_from_data(data_or_path, mode)
  File "/home/guest1/.conda/envs/ellen/lib/python3.7/site-packages/wandb/sdk/data_types.py", line 2216, in _initialize_from_data
    self._image.save(tmp_path, transparency=None)
  File "/home/guest1/.conda/envs/ellen/lib/python3.7/site-packages/PIL/Image.py", line 2240, in save
    save_handler(self, fp, filename)
  File "/home/guest1/.conda/envs/ellen/lib/python3.7/site-packages/PIL/PngImagePlugin.py", line 1348, in _save
    ImageFile._save(im, _idat(fp, chunk), [("zip", (0, 0) + im.size, 0, rawmode)])
  File "/home/guest1/.conda/envs/ellen/lib/python3.7/site-packages/PIL/ImageFile.py", line 519, in _save
    fp.write(d)
  File "/home/guest1/.conda/envs/ellen/lib/python3.7/site-packages/PIL/PngImagePlugin.py", line 1044, in write
    self.chunk(self.fp, b"IDAT", data)
  File "/home/guest1/.conda/envs/ellen/lib/python3.7/site-packages/PIL/PngImagePlugin.py", line 1031, in putchunk
    fp.write(data)
OSError: [Errno 28] No space left on device
wandb: Waiting for W&B process to finish, PID 8039... (failed 1). Press ctrl-c to abort syncing.
wandb: - 67.71MB of 67.71MB uploaded (0.00MB deduped)wandb: \ 67.71MB of 67.71MB uploaded (0.00MB deduped)Thread SenderThread:
OSError: [Errno 28] No space left on device

During handling of the above exception, another exception occurred:

Traceback (most recent call last):
  File "/home/guest1/.conda/envs/ellen/lib/python3.7/site-packages/wandb/sdk/internal/internal_util.py", line 52, in run
    self._run()
  File "/home/guest1/.conda/envs/ellen/lib/python3.7/site-packages/wandb/sdk/internal/internal_util.py", line 102, in _run
    self._process(record)
  File "/home/guest1/.conda/envs/ellen/lib/python3.7/site-packages/wandb/sdk/internal/internal.py", line 291, in _process
    self._sm.send(record)
  File "/home/guest1/.conda/envs/ellen/lib/python3.7/site-packages/wandb/sdk/internal/sender.py", line 236, in send
    send_handler(record)
  File "/home/guest1/.conda/envs/ellen/lib/python3.7/site-packages/wandb/sdk/internal/sender.py", line 822, in send_summary
    self._update_summary()
  File "/home/guest1/.conda/envs/ellen/lib/python3.7/site-packages/wandb/sdk/internal/sender.py", line 835, in _update_summary
    f.write(json_summary)
OSError: [Errno 28] No space left on device
wandb: ERROR Internal wandb error: file data was not synced
Process wandb_internal:
Traceback (most recent call last):
  File "/home/guest1/.conda/envs/ellen/lib/python3.7/multiprocessing/process.py", line 297, in _bootstrap
    self.run()
  File "/home/guest1/.conda/envs/ellen/lib/python3.7/multiprocessing/process.py", line 99, in run
    self._target(*self._args, **self._kwargs)
  File "/home/guest1/.conda/envs/ellen/lib/python3.7/site-packages/wandb/sdk/internal/internal.py", line 162, in wandb_internal
    wandb.termerror("Internal wandb error: file data was not synced")
  File "/home/guest1/.conda/envs/ellen/lib/python3.7/site-packages/wandb/errors/term.py", line 63, in termerror
    **kwargs
  File "/home/guest1/.conda/envs/ellen/lib/python3.7/site-packages/wandb/errors/term.py", line 94, in _log
    click.echo(line, file=sys.stderr, nl=newline)
  File "/home/guest1/.conda/envs/ellen/lib/python3.7/site-packages/click/utils.py", line 299, in echo
    file.flush()
OSError: [Errno 28] No space left on device
Traceback (most recent call last):
  File "<string>", line 1, in <module>
  File "/home/guest1/.conda/envs/ellen/lib/python3.7/multiprocessing/spawn.py", line 105, in spawn_main
    exitcode = _main(fd)
  File "/home/guest1/.conda/envs/ellen/lib/python3.7/multiprocessing/spawn.py", line 118, in _main
    return self._bootstrap()
  File "/home/guest1/.conda/envs/ellen/lib/python3.7/multiprocessing/process.py", line 317, in _bootstrap
    util._flush_std_streams()
  File "/home/guest1/.conda/envs/ellen/lib/python3.7/multiprocessing/util.py", line 439, in _flush_std_streams
    sys.stderr.flush()
OSError: [Errno 28] No space left on device
Error in atexit._run_exitfuncs:
Traceback (most recent call last):
  File "/home/guest1/.conda/envs/ellen/lib/python3.7/site-packages/wandb/sdk/wandb_run.py", line 1788, in _atexit_cleanup
    self._on_finish()
  File "/home/guest1/.conda/envs/ellen/lib/python3.7/site-packages/wandb/sdk/wandb_run.py", line 1971, in _on_finish
    self._poll_exit_response = self._wait_for_finish()
  File "/home/guest1/.conda/envs/ellen/lib/python3.7/site-packages/wandb/sdk/wandb_run.py", line 1911, in _wait_for_finish
    poll_exit_resp = self._backend.interface.communicate_poll_exit()
  File "/home/guest1/.conda/envs/ellen/lib/python3.7/site-packages/wandb/sdk/interface/interface.py", line 586, in communicate_poll_exit
    resp = self._communicate_poll_exit(poll_exit)
  File "/home/guest1/.conda/envs/ellen/lib/python3.7/site-packages/wandb/sdk/interface/interface_shared.py", line 402, in _communicate_poll_exit
    result = self._communicate(rec)
  File "/home/guest1/.conda/envs/ellen/lib/python3.7/site-packages/wandb/sdk/interface/interface_shared.py", line 213, in _communicate
    return self._communicate_async(rec, local=local).get(timeout=timeout)
  File "/home/guest1/.conda/envs/ellen/lib/python3.7/site-packages/wandb/sdk/interface/interface_shared.py", line 218, in _communicate_async
    raise Exception("The wandb backend process has shutdown")
Exception: The wandb backend process has shutdown

During handling of the above exception, another exception occurred:

Traceback (most recent call last):
  File "/home/guest1/.conda/envs/ellen/lib/python3.7/site-packages/wandb/sdk/wandb_run.py", line 1797, in _atexit_cleanup
    self._backend.cleanup()
  File "/home/guest1/.conda/envs/ellen/lib/python3.7/site-packages/wandb/sdk/backend/backend.py", line 245, in cleanup
    self.interface.join()
  File "/home/guest1/.conda/envs/ellen/lib/python3.7/site-packages/wandb/sdk/interface/interface_shared.py", line 458, in join
    super().join()
  File "/home/guest1/.conda/envs/ellen/lib/python3.7/site-packages/wandb/sdk/interface/interface.py", line 599, in join
    _ = self._communicate_shutdown()
  File "/home/guest1/.conda/envs/ellen/lib/python3.7/site-packages/wandb/sdk/interface/interface_shared.py", line 455, in _communicate_shutdown
    _ = self._communicate(record)
  File "/home/guest1/.conda/envs/ellen/lib/python3.7/site-packages/wandb/sdk/interface/interface_shared.py", line 213, in _communicate
    return self._communicate_async(rec, local=local).get(timeout=timeout)
  File "/home/guest1/.conda/envs/ellen/lib/python3.7/site-packages/wandb/sdk/interface/interface_shared.py", line 218, in _communicate_async
    raise Exception("The wandb backend process has shutdown")
Exception: The wandb backend process has shutdown

